{"C:\\Users\\Samuel\\Documents\\LMULapTime\\server\\index.ts": {"path":"C:\\Users\\Samuel\\Documents\\LMULapTime\\server\\index.ts","statementMap":{"0":{"start":{"line":10,"column":12},"end":{"line":10,"column":20}},"1":{"start":{"line":11,"column":13},"end":{"line":11,"column":null}},"2":{"start":{"line":13,"column":0},"end":{"line":13,"column":null}},"3":{"start":{"line":14,"column":0},"end":{"line":14,"column":null}},"4":{"start":{"line":17,"column":6},"end":{"line":19,"column":null}},"5":{"start":{"line":20,"column":6},"end":{"line":22,"column":null}},"6":{"start":{"line":24,"column":24},"end":{"line":24,"column":null}},"7":{"start":{"line":25,"column":24},"end":{"line":25,"column":null}},"8":{"start":{"line":27,"column":13},"end":{"line":27,"column":null}},"9":{"start":{"line":28,"column":40},"end":{"line":28,"column":null}},"10":{"start":{"line":31,"column":1},"end":{"line":41,"column":null}},"11":{"start":{"line":32,"column":16},"end":{"line":32,"column":47}},"12":{"start":{"line":33,"column":2},"end":{"line":40,"column":null}},"13":{"start":{"line":34,"column":4},"end":{"line":39,"column":null}},"14":{"start":{"line":35,"column":6},"end":{"line":35,"column":null}},"15":{"start":{"line":36,"column":6},"end":{"line":36,"column":null}},"16":{"start":{"line":38,"column":6},"end":{"line":38,"column":null}},"17":{"start":{"line":45,"column":2},"end":{"line":47,"column":null}},"18":{"start":{"line":46,"column":4},"end":{"line":46,"column":null}},"19":{"start":{"line":49,"column":2},"end":{"line":52,"column":null}},"20":{"start":{"line":50,"column":4},"end":{"line":50,"column":null}},"21":{"start":{"line":51,"column":4},"end":{"line":51,"column":null}},"22":{"start":{"line":54,"column":2},"end":{"line":74,"column":null}},"23":{"start":{"line":55,"column":18},"end":{"line":55,"column":null}},"24":{"start":{"line":55,"column":64},"end":{"line":55,"column":82}},"25":{"start":{"line":56,"column":40},"end":{"line":56,"column":null}},"26":{"start":{"line":58,"column":4},"end":{"line":64,"column":null}},"27":{"start":{"line":59,"column":23},"end":{"line":59,"column":null}},"28":{"start":{"line":60,"column":21},"end":{"line":60,"column":null}},"29":{"start":{"line":61,"column":6},"end":{"line":63,"column":null}},"30":{"start":{"line":62,"column":8},"end":{"line":62,"column":null}},"31":{"start":{"line":67,"column":4},"end":{"line":67,"column":null}},"32":{"start":{"line":67,"column":28},"end":{"line":67,"column":53}},"33":{"start":{"line":68,"column":4},"end":{"line":68,"column":null}},"34":{"start":{"line":69,"column":4},"end":{"line":69,"column":null}},"35":{"start":{"line":70,"column":4},"end":{"line":70,"column":null}},"36":{"start":{"line":72,"column":4},"end":{"line":72,"column":null}},"37":{"start":{"line":73,"column":4},"end":{"line":73,"column":null}},"38":{"start":{"line":79,"column":0},"end":{"line":98,"column":null}},"39":{"start":{"line":80,"column":23},"end":{"line":80,"column":null}},"40":{"start":{"line":81,"column":23},"end":{"line":81,"column":null}},"41":{"start":{"line":82,"column":19},"end":{"line":82,"column":null}},"42":{"start":{"line":83,"column":19},"end":{"line":83,"column":50}},"43":{"start":{"line":85,"column":2},"end":{"line":97,"column":null}},"44":{"start":{"line":100,"column":0},"end":{"line":134,"column":null}},"45":{"start":{"line":101,"column":23},"end":{"line":101,"column":null}},"46":{"start":{"line":102,"column":16},"end":{"line":102,"column":null}},"47":{"start":{"line":103,"column":14},"end":{"line":103,"column":null}},"48":{"start":{"line":104,"column":22},"end":{"line":104,"column":null}},"49":{"start":{"line":105,"column":20},"end":{"line":105,"column":null}},"50":{"start":{"line":107,"column":17},"end":{"line":107,"column":null}},"51":{"start":{"line":109,"column":2},"end":{"line":111,"column":null}},"52":{"start":{"line":110,"column":4},"end":{"line":110,"column":null}},"53":{"start":{"line":110,"column":31},"end":{"line":110,"column":112}},"54":{"start":{"line":113,"column":2},"end":{"line":115,"column":null}},"55":{"start":{"line":114,"column":4},"end":{"line":114,"column":null}},"56":{"start":{"line":114,"column":36},"end":{"line":114,"column":92}},"57":{"start":{"line":117,"column":2},"end":{"line":119,"column":null}},"58":{"start":{"line":118,"column":4},"end":{"line":118,"column":null}},"59":{"start":{"line":118,"column":36},"end":{"line":118,"column":93}},"60":{"start":{"line":121,"column":2},"end":{"line":125,"column":null}},"61":{"start":{"line":122,"column":4},"end":{"line":124,"column":null}},"62":{"start":{"line":123,"column":6},"end":{"line":123,"column":null}},"63":{"start":{"line":123,"column":26},"end":{"line":123,"column":77}},"64":{"start":{"line":128,"column":20},"end":{"line":131,"column":null}},"65":{"start":{"line":129,"column":33},"end":{"line":129,"column":null}},"66":{"start":{"line":130,"column":4},"end":{"line":130,"column":null}},"67":{"start":{"line":133,"column":2},"end":{"line":133,"column":null}},"68":{"start":{"line":136,"column":0},"end":{"line":155,"column":null}},"69":{"start":{"line":137,"column":17},"end":{"line":137,"column":null}},"70":{"start":{"line":140,"column":17},"end":{"line":140,"column":null}},"71":{"start":{"line":140,"column":42},"end":{"line":140,"column":53}},"72":{"start":{"line":141,"column":2},"end":{"line":143,"column":null}},"73":{"start":{"line":142,"column":4},"end":{"line":142,"column":null}},"74":{"start":{"line":146,"column":25},"end":{"line":146,"column":null}},"75":{"start":{"line":147,"column":2},"end":{"line":152,"column":null}},"76":{"start":{"line":148,"column":19},"end":{"line":148,"column":null}},"77":{"start":{"line":149,"column":4},"end":{"line":151,"column":null}},"78":{"start":{"line":150,"column":6},"end":{"line":150,"column":null}},"79":{"start":{"line":154,"column":2},"end":{"line":154,"column":null}},"80":{"start":{"line":157,"column":0},"end":{"line":173,"column":null}},"81":{"start":{"line":158,"column":21},"end":{"line":158,"column":null}},"82":{"start":{"line":159,"column":16},"end":{"line":159,"column":null}},"83":{"start":{"line":160,"column":20},"end":{"line":160,"column":null}},"84":{"start":{"line":161,"column":17},"end":{"line":161,"column":null}},"85":{"start":{"line":163,"column":2},"end":{"line":165,"column":null}},"86":{"start":{"line":164,"column":4},"end":{"line":164,"column":null}},"87":{"start":{"line":164,"column":31},"end":{"line":164,"column":112}},"88":{"start":{"line":167,"column":2},"end":{"line":169,"column":null}},"89":{"start":{"line":168,"column":4},"end":{"line":168,"column":null}},"90":{"start":{"line":168,"column":36},"end":{"line":168,"column":92}},"91":{"start":{"line":171,"column":22},"end":{"line":171,"column":null}},"92":{"start":{"line":172,"column":2},"end":{"line":172,"column":null}},"93":{"start":{"line":175,"column":0},"end":{"line":179,"column":null}},"94":{"start":{"line":176,"column":19},"end":{"line":176,"column":null}},"95":{"start":{"line":177,"column":20},"end":{"line":177,"column":null}},"96":{"start":{"line":178,"column":2},"end":{"line":178,"column":null}},"97":{"start":{"line":181,"column":0},"end":{"line":204,"column":null}},"98":{"start":{"line":182,"column":49},"end":{"line":182,"column":null}},"99":{"start":{"line":184,"column":2},"end":{"line":186,"column":null}},"100":{"start":{"line":185,"column":4},"end":{"line":185,"column":null}},"101":{"start":{"line":187,"column":2},"end":{"line":189,"column":null}},"102":{"start":{"line":188,"column":4},"end":{"line":188,"column":null}},"103":{"start":{"line":191,"column":2},"end":{"line":191,"column":null}},"104":{"start":{"line":192,"column":2},"end":{"line":194,"column":null}},"105":{"start":{"line":193,"column":4},"end":{"line":193,"column":null}},"106":{"start":{"line":196,"column":19},"end":{"line":196,"column":null}},"107":{"start":{"line":197,"column":2},"end":{"line":203,"column":null}},"108":{"start":{"line":206,"column":0},"end":{"line":249,"column":null}},"109":{"start":{"line":207,"column":24},"end":{"line":207,"column":null}},"110":{"start":{"line":208,"column":18},"end":{"line":208,"column":null}},"111":{"start":{"line":209,"column":22},"end":{"line":209,"column":null}},"112":{"start":{"line":210,"column":24},"end":{"line":214,"column":null}},"113":{"start":{"line":211,"column":20},"end":{"line":211,"column":null}},"114":{"start":{"line":212,"column":4},"end":{"line":213,"column":null}},"115":{"start":{"line":216,"column":23},"end":{"line":216,"column":null}},"116":{"start":{"line":217,"column":20},"end":{"line":217,"column":null}},"117":{"start":{"line":218,"column":19},"end":{"line":218,"column":50}},"118":{"start":{"line":219,"column":26},"end":{"line":219,"column":null}},"119":{"start":{"line":221,"column":2},"end":{"line":237,"column":null}},"120":{"start":{"line":222,"column":22},"end":{"line":222,"column":null}},"121":{"start":{"line":223,"column":18},"end":{"line":227,"column":null}},"122":{"start":{"line":224,"column":24},"end":{"line":224,"column":null}},"123":{"start":{"line":225,"column":23},"end":{"line":225,"column":null}},"124":{"start":{"line":226,"column":6},"end":{"line":226,"column":null}},"125":{"start":{"line":229,"column":4},"end":{"line":234,"column":null}},"126":{"start":{"line":230,"column":6},"end":{"line":233,"column":null}},"127":{"start":{"line":231,"column":26},"end":{"line":231,"column":null}},"128":{"start":{"line":232,"column":8},"end":{"line":232,"column":null}},"129":{"start":{"line":236,"column":4},"end":{"line":236,"column":null}},"130":{"start":{"line":239,"column":2},"end":{"line":248,"column":null}},"131":{"start":{"line":244,"column":35},"end":{"line":244,"column":null}},"132":{"start":{"line":245,"column":6},"end":{"line":245,"column":null}},"133":{"start":{"line":251,"column":0},"end":{"line":254,"column":null}},"134":{"start":{"line":252,"column":18},"end":{"line":252,"column":49}},"135":{"start":{"line":253,"column":2},"end":{"line":253,"column":null}},"136":{"start":{"line":256,"column":0},"end":{"line":271,"column":null}},"137":{"start":{"line":257,"column":2},"end":{"line":270,"column":null}},"138":{"start":{"line":258,"column":25},"end":{"line":258,"column":62}},"139":{"start":{"line":260,"column":21},"end":{"line":260,"column":null}},"140":{"start":{"line":261,"column":4},"end":{"line":266,"column":null}},"141":{"start":{"line":268,"column":4},"end":{"line":268,"column":null}},"142":{"start":{"line":269,"column":4},"end":{"line":269,"column":null}},"143":{"start":{"line":273,"column":0},"end":{"line":277,"column":null}},"144":{"start":{"line":274,"column":2},"end":{"line":276,"column":null}},"145":{"start":{"line":275,"column":4},"end":{"line":275,"column":null}}},"fnMap":{"0":{"name":"(anonymous_0)","decl":{"start":{"line":31,"column":1},"end":{"line":31,"column":13}},"loc":{"start":{"line":31,"column":13},"end":{"line":41,"column":3}},"line":31},"1":{"name":"loadSessions","decl":{"start":{"line":43,"column":9},"end":{"line":43,"column":22}},"loc":{"start":{"line":43,"column":63},"end":{"line":75,"column":null}},"line":43},"2":{"name":"(anonymous_2)","decl":{"start":{"line":55,"column":52},"end":{"line":55,"column":59}},"loc":{"start":{"line":55,"column":64},"end":{"line":55,"column":82}},"line":55},"3":{"name":"(anonymous_3)","decl":{"start":{"line":67,"column":13},"end":{"line":67,"column":19}},"loc":{"start":{"line":67,"column":28},"end":{"line":67,"column":53}},"line":67},"4":{"name":"(anonymous_4)","decl":{"start":{"line":79,"column":8},"end":{"line":79,"column":24}},"loc":{"start":{"line":79,"column":38},"end":{"line":98,"column":1}},"line":79},"5":{"name":"(anonymous_5)","decl":{"start":{"line":100,"column":8},"end":{"line":100,"column":26}},"loc":{"start":{"line":100,"column":39},"end":{"line":134,"column":1}},"line":100},"6":{"name":"(anonymous_6)","decl":{"start":{"line":110,"column":24},"end":{"line":110,"column":31}},"loc":{"start":{"line":110,"column":31},"end":{"line":110,"column":112}},"line":110},"7":{"name":"(anonymous_7)","decl":{"start":{"line":114,"column":24},"end":{"line":114,"column":31}},"loc":{"start":{"line":114,"column":36},"end":{"line":114,"column":92}},"line":114},"8":{"name":"(anonymous_8)","decl":{"start":{"line":118,"column":24},"end":{"line":118,"column":31}},"loc":{"start":{"line":118,"column":36},"end":{"line":118,"column":93}},"line":118},"9":{"name":"(anonymous_9)","decl":{"start":{"line":122,"column":24},"end":{"line":122,"column":31}},"loc":{"start":{"line":123,"column":6},"end":{"line":123,"column":null}},"line":123},"10":{"name":"(anonymous_10)","decl":{"start":{"line":123,"column":16},"end":{"line":123,"column":21}},"loc":{"start":{"line":123,"column":26},"end":{"line":123,"column":77}},"line":123},"11":{"name":"(anonymous_11)","decl":{"start":{"line":128,"column":29},"end":{"line":128,"column":33}},"loc":{"start":{"line":128,"column":38},"end":{"line":131,"column":3}},"line":128},"12":{"name":"(anonymous_12)","decl":{"start":{"line":136,"column":8},"end":{"line":136,"column":29}},"loc":{"start":{"line":136,"column":42},"end":{"line":155,"column":1}},"line":136},"13":{"name":"(anonymous_13)","decl":{"start":{"line":140,"column":32},"end":{"line":140,"column":37}},"loc":{"start":{"line":140,"column":42},"end":{"line":140,"column":53}},"line":140},"14":{"name":"(anonymous_14)","decl":{"start":{"line":157,"column":8},"end":{"line":157,"column":29}},"loc":{"start":{"line":157,"column":42},"end":{"line":173,"column":1}},"line":157},"15":{"name":"(anonymous_15)","decl":{"start":{"line":164,"column":24},"end":{"line":164,"column":31}},"loc":{"start":{"line":164,"column":31},"end":{"line":164,"column":112}},"line":164},"16":{"name":"(anonymous_16)","decl":{"start":{"line":168,"column":24},"end":{"line":168,"column":31}},"loc":{"start":{"line":168,"column":36},"end":{"line":168,"column":92}},"line":168},"17":{"name":"(anonymous_17)","decl":{"start":{"line":175,"column":8},"end":{"line":175,"column":24}},"loc":{"start":{"line":175,"column":38},"end":{"line":179,"column":1}},"line":175},"18":{"name":"(anonymous_18)","decl":{"start":{"line":181,"column":9},"end":{"line":181,"column":23}},"loc":{"start":{"line":181,"column":36},"end":{"line":204,"column":1}},"line":181},"19":{"name":"(anonymous_19)","decl":{"start":{"line":206,"column":8},"end":{"line":206,"column":34}},"loc":{"start":{"line":206,"column":47},"end":{"line":249,"column":1}},"line":206},"20":{"name":"(anonymous_20)","decl":{"start":{"line":210,"column":36},"end":{"line":210,"column":43}},"loc":{"start":{"line":210,"column":48},"end":{"line":214,"column":3}},"line":210},"21":{"name":"(anonymous_21)","decl":{"start":{"line":223,"column":50},"end":{"line":223,"column":57}},"loc":{"start":{"line":223,"column":66},"end":{"line":227,"column":5}},"line":223},"22":{"name":"(anonymous_22)","decl":{"start":{"line":230,"column":48},"end":{"line":230,"column":55}},"loc":{"start":{"line":230,"column":64},"end":{"line":233,"column":7}},"line":230},"23":{"name":"(anonymous_23)","decl":{"start":{"line":243,"column":28},"end":{"line":243,"column":32}},"loc":{"start":{"line":243,"column":37},"end":{"line":246,"column":5}},"line":243},"24":{"name":"(anonymous_24)","decl":{"start":{"line":251,"column":8},"end":{"line":251,"column":36}},"loc":{"start":{"line":251,"column":50},"end":{"line":254,"column":1}},"line":251},"25":{"name":"(anonymous_25)","decl":{"start":{"line":256,"column":44},"end":{"line":256,"column":51}},"loc":{"start":{"line":256,"column":65},"end":{"line":271,"column":1}},"line":256},"26":{"name":"(anonymous_26)","decl":{"start":{"line":274,"column":13},"end":{"line":274,"column":25}},"loc":{"start":{"line":274,"column":25},"end":{"line":276,"column":3}},"line":274}},"branchMap":{"0":{"loc":{"start":{"line":11,"column":13},"end":{"line":11,"column":null}},"type":"binary-expr","locations":[{"start":{"line":11,"column":13},"end":{"line":11,"column":33}},{"start":{"line":11,"column":33},"end":{"line":11,"column":null}}],"line":11},"1":{"loc":{"start":{"line":17,"column":6},"end":{"line":19,"column":null}},"type":"cond-expr","locations":[{"start":{"line":18,"column":4},"end":{"line":18,"column":null}},{"start":{"line":19,"column":4},"end":{"line":19,"column":null}}],"line":17},"2":{"loc":{"start":{"line":20,"column":6},"end":{"line":22,"column":null}},"type":"cond-expr","locations":[{"start":{"line":21,"column":4},"end":{"line":21,"column":null}},{"start":{"line":22,"column":4},"end":{"line":22,"column":null}}],"line":20},"3":{"loc":{"start":{"line":33,"column":2},"end":{"line":40,"column":null}},"type":"if","locations":[{"start":{"line":33,"column":2},"end":{"line":40,"column":null}},{"start":{},"end":{}}],"line":33},"4":{"loc":{"start":{"line":43,"column":22},"end":{"line":43,"column":63}},"type":"default-arg","locations":[{"start":{"line":43,"column":37},"end":{"line":43,"column":63}}],"line":43},"5":{"loc":{"start":{"line":45,"column":2},"end":{"line":47,"column":null}},"type":"if","locations":[{"start":{"line":45,"column":2},"end":{"line":47,"column":null}},{"start":{},"end":{}}],"line":45},"6":{"loc":{"start":{"line":45,"column":6},"end":{"line":45,"column":50}},"type":"binary-expr","locations":[{"start":{"line":45,"column":6},"end":{"line":45,"column":23}},{"start":{"line":45,"column":23},"end":{"line":45,"column":50}}],"line":45},"7":{"loc":{"start":{"line":49,"column":2},"end":{"line":52,"column":null}},"type":"if","locations":[{"start":{"line":49,"column":2},"end":{"line":52,"column":null}},{"start":{},"end":{}}],"line":49},"8":{"loc":{"start":{"line":61,"column":6},"end":{"line":63,"column":null}},"type":"if","locations":[{"start":{"line":61,"column":6},"end":{"line":63,"column":null}},{"start":{},"end":{}}],"line":61},"9":{"loc":{"start":{"line":94,"column":19},"end":{"line":94,"column":null}},"type":"binary-expr","locations":[{"start":{"line":94,"column":19},"end":{"line":94,"column":44}},{"start":{"line":94,"column":44},"end":{"line":94,"column":null}}],"line":94},"10":{"loc":{"start":{"line":95,"column":20},"end":{"line":95,"column":null}},"type":"binary-expr","locations":[{"start":{"line":95,"column":20},"end":{"line":95,"column":46}},{"start":{"line":95,"column":46},"end":{"line":95,"column":null}}],"line":95},"11":{"loc":{"start":{"line":105,"column":20},"end":{"line":105,"column":null}},"type":"binary-expr","locations":[{"start":{"line":105,"column":20},"end":{"line":105,"column":54}},{"start":{"line":105,"column":54},"end":{"line":105,"column":null}}],"line":105},"12":{"loc":{"start":{"line":109,"column":2},"end":{"line":111,"column":null}},"type":"if","locations":[{"start":{"line":109,"column":2},"end":{"line":111,"column":null}},{"start":{},"end":{}}],"line":109},"13":{"loc":{"start":{"line":110,"column":31},"end":{"line":110,"column":112}},"type":"binary-expr","locations":[{"start":{"line":110,"column":31},"end":{"line":110,"column":76}},{"start":{"line":110,"column":76},"end":{"line":110,"column":112}}],"line":110},"14":{"loc":{"start":{"line":110,"column":37},"end":{"line":110,"column":71}},"type":"binary-expr","locations":[{"start":{"line":110,"column":37},"end":{"line":110,"column":66}},{"start":{"line":110,"column":66},"end":{"line":110,"column":71}}],"line":110},"15":{"loc":{"start":{"line":113,"column":2},"end":{"line":115,"column":null}},"type":"if","locations":[{"start":{"line":113,"column":2},"end":{"line":115,"column":null}},{"start":{},"end":{}}],"line":113},"16":{"loc":{"start":{"line":117,"column":2},"end":{"line":119,"column":null}},"type":"if","locations":[{"start":{"line":117,"column":2},"end":{"line":119,"column":null}},{"start":{},"end":{}}],"line":117},"17":{"loc":{"start":{"line":117,"column":6},"end":{"line":117,"column":44}},"type":"binary-expr","locations":[{"start":{"line":117,"column":6},"end":{"line":117,"column":21}},{"start":{"line":117,"column":21},"end":{"line":117,"column":44}}],"line":117},"18":{"loc":{"start":{"line":121,"column":2},"end":{"line":125,"column":null}},"type":"if","locations":[{"start":{"line":121,"column":2},"end":{"line":125,"column":null}},{"start":{},"end":{}}],"line":121},"19":{"loc":{"start":{"line":141,"column":2},"end":{"line":143,"column":null}},"type":"if","locations":[{"start":{"line":141,"column":2},"end":{"line":143,"column":null}},{"start":{},"end":{}}],"line":141},"20":{"loc":{"start":{"line":147,"column":2},"end":{"line":152,"column":null}},"type":"if","locations":[{"start":{"line":147,"column":2},"end":{"line":152,"column":null}},{"start":{},"end":{}}],"line":147},"21":{"loc":{"start":{"line":149,"column":4},"end":{"line":151,"column":null}},"type":"if","locations":[{"start":{"line":149,"column":4},"end":{"line":151,"column":null}},{"start":{},"end":{}}],"line":149},"22":{"loc":{"start":{"line":160,"column":20},"end":{"line":160,"column":null}},"type":"binary-expr","locations":[{"start":{"line":160,"column":20},"end":{"line":160,"column":54}},{"start":{"line":160,"column":54},"end":{"line":160,"column":null}}],"line":160},"23":{"loc":{"start":{"line":163,"column":2},"end":{"line":165,"column":null}},"type":"if","locations":[{"start":{"line":163,"column":2},"end":{"line":165,"column":null}},{"start":{},"end":{}}],"line":163},"24":{"loc":{"start":{"line":164,"column":31},"end":{"line":164,"column":112}},"type":"binary-expr","locations":[{"start":{"line":164,"column":31},"end":{"line":164,"column":76}},{"start":{"line":164,"column":76},"end":{"line":164,"column":112}}],"line":164},"25":{"loc":{"start":{"line":164,"column":37},"end":{"line":164,"column":71}},"type":"binary-expr","locations":[{"start":{"line":164,"column":37},"end":{"line":164,"column":66}},{"start":{"line":164,"column":66},"end":{"line":164,"column":71}}],"line":164},"26":{"loc":{"start":{"line":167,"column":2},"end":{"line":169,"column":null}},"type":"if","locations":[{"start":{"line":167,"column":2},"end":{"line":169,"column":null}},{"start":{},"end":{}}],"line":167},"27":{"loc":{"start":{"line":184,"column":2},"end":{"line":186,"column":null}},"type":"if","locations":[{"start":{"line":184,"column":2},"end":{"line":186,"column":null}},{"start":{},"end":{}}],"line":184},"28":{"loc":{"start":{"line":184,"column":6},"end":{"line":184,"column":47}},"type":"binary-expr","locations":[{"start":{"line":184,"column":6},"end":{"line":184,"column":20}},{"start":{"line":184,"column":20},"end":{"line":184,"column":47}}],"line":184},"29":{"loc":{"start":{"line":187,"column":2},"end":{"line":189,"column":null}},"type":"if","locations":[{"start":{"line":187,"column":2},"end":{"line":189,"column":null}},{"start":{},"end":{}}],"line":187},"30":{"loc":{"start":{"line":187,"column":6},"end":{"line":187,"column":47}},"type":"binary-expr","locations":[{"start":{"line":187,"column":6},"end":{"line":187,"column":20}},{"start":{"line":187,"column":20},"end":{"line":187,"column":47}}],"line":187},"31":{"loc":{"start":{"line":192,"column":2},"end":{"line":194,"column":null}},"type":"if","locations":[{"start":{"line":192,"column":2},"end":{"line":194,"column":null}},{"start":{},"end":{}}],"line":192},"32":{"loc":{"start":{"line":192,"column":6},"end":{"line":192,"column":59}},"type":"binary-expr","locations":[{"start":{"line":192,"column":6},"end":{"line":192,"column":40}},{"start":{"line":192,"column":40},"end":{"line":192,"column":59}}],"line":192},"33":{"loc":{"start":{"line":212,"column":11},"end":{"line":213,"column":null}},"type":"binary-expr","locations":[{"start":{"line":212,"column":11},"end":{"line":212,"column":null}},{"start":{"line":213,"column":6},"end":{"line":213,"column":null}}],"line":212},"34":{"loc":{"start":{"line":216,"column":23},"end":{"line":216,"column":null}},"type":"cond-expr","locations":[{"start":{"line":216,"column":50},"end":{"line":216,"column":81}},{"start":{"line":216,"column":81},"end":{"line":216,"column":null}}],"line":216},"35":{"loc":{"start":{"line":221,"column":2},"end":{"line":237,"column":null}},"type":"if","locations":[{"start":{"line":221,"column":2},"end":{"line":237,"column":null}},{"start":{},"end":{}}],"line":221},"36":{"loc":{"start":{"line":226,"column":13},"end":{"line":226,"column":null}},"type":"binary-expr","locations":[{"start":{"line":226,"column":13},"end":{"line":226,"column":40}},{"start":{"line":226,"column":40},"end":{"line":226,"column":null}}],"line":226},"37":{"loc":{"start":{"line":229,"column":4},"end":{"line":234,"column":null}},"type":"if","locations":[{"start":{"line":229,"column":4},"end":{"line":234,"column":null}},{"start":{},"end":{}}],"line":229},"38":{"loc":{"start":{"line":232,"column":15},"end":{"line":232,"column":null}},"type":"binary-expr","locations":[{"start":{"line":232,"column":15},"end":{"line":232,"column":48}},{"start":{"line":232,"column":48},"end":{"line":232,"column":null}}],"line":232},"39":{"loc":{"start":{"line":253,"column":11},"end":{"line":253,"column":73}},"type":"binary-expr","locations":[{"start":{"line":253,"column":11},"end":{"line":253,"column":22}},{"start":{"line":253,"column":22},"end":{"line":253,"column":73}}],"line":253},"40":{"loc":{"start":{"line":269,"column":34},"end":{"line":269,"column":88}},"type":"binary-expr","locations":[{"start":{"line":269,"column":34},"end":{"line":269,"column":49}},{"start":{"line":269,"column":49},"end":{"line":269,"column":88}}],"line":269},"41":{"loc":{"start":{"line":273,"column":0},"end":{"line":277,"column":null}},"type":"if","locations":[{"start":{"line":273,"column":0},"end":{"line":277,"column":null}},{"start":{},"end":{}}],"line":273}},"s":{"0":1,"1":1,"2":1,"3":1,"4":1,"5":1,"6":1,"7":1,"8":1,"9":1,"10":1,"11":1,"12":1,"13":0,"14":0,"15":0,"16":0,"17":7,"18":0,"19":7,"20":7,"21":7,"22":0,"23":0,"24":0,"25":0,"26":0,"27":0,"28":0,"29":0,"30":0,"31":0,"32":0,"33":0,"34":0,"35":0,"36":0,"37":0,"38":1,"39":1,"40":1,"41":1,"42":1,"43":1,"44":1,"45":1,"46":1,"47":1,"48":1,"49":1,"50":1,"51":1,"52":1,"53":0,"54":1,"55":1,"56":0,"57":1,"58":1,"59":0,"60":1,"61":0,"62":0,"63":0,"64":1,"65":0,"66":0,"67":1,"68":1,"69":1,"70":1,"71":0,"72":1,"73":0,"74":1,"75":1,"76":0,"77":0,"78":0,"79":1,"80":1,"81":1,"82":1,"83":1,"84":1,"85":1,"86":1,"87":0,"88":1,"89":1,"90":0,"91":1,"92":1,"93":1,"94":1,"95":1,"96":1,"97":1,"98":1,"99":1,"100":0,"101":1,"102":0,"103":1,"104":1,"105":1,"106":1,"107":1,"108":1,"109":1,"110":1,"111":1,"112":1,"113":0,"114":0,"115":1,"116":1,"117":1,"118":1,"119":1,"120":1,"121":1,"122":186,"123":186,"124":186,"125":1,"126":0,"127":0,"128":0,"129":1,"130":1,"131":0,"132":0,"133":1,"134":1,"135":1,"136":1,"137":1,"138":1,"139":1,"140":1,"141":0,"142":0,"143":1,"144":0,"145":0},"f":{"0":1,"1":7,"2":0,"3":0,"4":1,"5":1,"6":0,"7":0,"8":0,"9":0,"10":0,"11":0,"12":1,"13":0,"14":1,"15":0,"16":0,"17":1,"18":1,"19":1,"20":0,"21":186,"22":0,"23":0,"24":1,"25":1,"26":0},"b":{"0":[1,1],"1":[1,0],"2":[1,0],"3":[0,1],"4":[7],"5":[0,7],"6":[7,5],"7":[7,0],"8":[0,0],"9":[1,0],"10":[1,0],"11":[1,0],"12":[1,0],"13":[0,0],"14":[0,0],"15":[1,0],"16":[1,0],"17":[1,1],"18":[0,1],"19":[0,1],"20":[0,1],"21":[0,0],"22":[1,0],"23":[1,0],"24":[0,0],"25":[0,0],"26":[1,0],"27":[0,1],"28":[1,1],"29":[0,1],"30":[1,1],"31":[1,0],"32":[1,1],"33":[0,0],"34":[0,1],"35":[1,0],"36":[186,180],"37":[0,1],"38":[0,0],"39":[1,0],"40":[0,0],"41":[0,1]},"meta":{"lastBranch":42,"lastFunction":27,"lastStatement":146,"seen":{"s:10:12:10:20":0,"s:11:13:11:Infinity":1,"b:11:13:11:33:11:33:11:Infinity":0,"s:13:0:13:Infinity":2,"s:14:0:14:Infinity":3,"s:17:6:19:Infinity":4,"b:18:4:18:Infinity:19:4:19:Infinity":1,"s:20:6:22:Infinity":5,"b:21:4:21:Infinity:22:4:22:Infinity":2,"s:24:24:24:Infinity":6,"s:25:24:25:Infinity":7,"s:27:13:27:Infinity":8,"s:28:40:28:Infinity":9,"s:31:1:41:Infinity":10,"f:31:1:31:13":0,"s:32:16:32:47":11,"b:33:2:40:Infinity:undefined:undefined:undefined:undefined":3,"s:33:2:40:Infinity":12,"s:34:4:39:Infinity":13,"s:35:6:35:Infinity":14,"s:36:6:36:Infinity":15,"s:38:6:38:Infinity":16,"f:43:9:43:22":1,"b:43:37:43:63":4,"b:45:2:47:Infinity:undefined:undefined:undefined:undefined":5,"s:45:2:47:Infinity":17,"b:45:6:45:23:45:23:45:50":6,"s:46:4:46:Infinity":18,"b:49:2:52:Infinity:undefined:undefined:undefined:undefined":7,"s:49:2:52:Infinity":19,"s:50:4:50:Infinity":20,"s:51:4:51:Infinity":21,"s:54:2:74:Infinity":22,"s:55:18:55:Infinity":23,"f:55:52:55:59":2,"s:55:64:55:82":24,"s:56:40:56:Infinity":25,"s:58:4:64:Infinity":26,"s:59:23:59:Infinity":27,"s:60:21:60:Infinity":28,"b:61:6:63:Infinity:undefined:undefined:undefined:undefined":8,"s:61:6:63:Infinity":29,"s:62:8:62:Infinity":30,"s:67:4:67:Infinity":31,"f:67:13:67:19":3,"s:67:28:67:53":32,"s:68:4:68:Infinity":33,"s:69:4:69:Infinity":34,"s:70:4:70:Infinity":35,"s:72:4:72:Infinity":36,"s:73:4:73:Infinity":37,"s:79:0:98:Infinity":38,"f:79:8:79:24":4,"s:80:23:80:Infinity":39,"s:81:23:81:Infinity":40,"s:82:19:82:Infinity":41,"s:83:19:83:50":42,"s:85:2:97:Infinity":43,"b:94:19:94:44:94:44:94:Infinity":9,"b:95:20:95:46:95:46:95:Infinity":10,"s:100:0:134:Infinity":44,"f:100:8:100:26":5,"s:101:23:101:Infinity":45,"s:102:16:102:Infinity":46,"s:103:14:103:Infinity":47,"s:104:22:104:Infinity":48,"s:105:20:105:Infinity":49,"b:105:20:105:54:105:54:105:Infinity":11,"s:107:17:107:Infinity":50,"b:109:2:111:Infinity:undefined:undefined:undefined:undefined":12,"s:109:2:111:Infinity":51,"s:110:4:110:Infinity":52,"f:110:24:110:31":6,"s:110:31:110:112":53,"b:110:31:110:76:110:76:110:112":13,"b:110:37:110:66:110:66:110:71":14,"b:113:2:115:Infinity:undefined:undefined:undefined:undefined":15,"s:113:2:115:Infinity":54,"s:114:4:114:Infinity":55,"f:114:24:114:31":7,"s:114:36:114:92":56,"b:117:2:119:Infinity:undefined:undefined:undefined:undefined":16,"s:117:2:119:Infinity":57,"b:117:6:117:21:117:21:117:44":17,"s:118:4:118:Infinity":58,"f:118:24:118:31":8,"s:118:36:118:93":59,"b:121:2:125:Infinity:undefined:undefined:undefined:undefined":18,"s:121:2:125:Infinity":60,"s:122:4:124:Infinity":61,"f:122:24:122:31":9,"s:123:6:123:Infinity":62,"f:123:16:123:21":10,"s:123:26:123:77":63,"s:128:20:131:Infinity":64,"f:128:29:128:33":11,"s:129:33:129:Infinity":65,"s:130:4:130:Infinity":66,"s:133:2:133:Infinity":67,"s:136:0:155:Infinity":68,"f:136:8:136:29":12,"s:137:17:137:Infinity":69,"s:140:17:140:Infinity":70,"f:140:32:140:37":13,"s:140:42:140:53":71,"b:141:2:143:Infinity:undefined:undefined:undefined:undefined":19,"s:141:2:143:Infinity":72,"s:142:4:142:Infinity":73,"s:146:25:146:Infinity":74,"b:147:2:152:Infinity:undefined:undefined:undefined:undefined":20,"s:147:2:152:Infinity":75,"s:148:19:148:Infinity":76,"b:149:4:151:Infinity:undefined:undefined:undefined:undefined":21,"s:149:4:151:Infinity":77,"s:150:6:150:Infinity":78,"s:154:2:154:Infinity":79,"s:157:0:173:Infinity":80,"f:157:8:157:29":14,"s:158:21:158:Infinity":81,"s:159:16:159:Infinity":82,"s:160:20:160:Infinity":83,"b:160:20:160:54:160:54:160:Infinity":22,"s:161:17:161:Infinity":84,"b:163:2:165:Infinity:undefined:undefined:undefined:undefined":23,"s:163:2:165:Infinity":85,"s:164:4:164:Infinity":86,"f:164:24:164:31":15,"s:164:31:164:112":87,"b:164:31:164:76:164:76:164:112":24,"b:164:37:164:66:164:66:164:71":25,"b:167:2:169:Infinity:undefined:undefined:undefined:undefined":26,"s:167:2:169:Infinity":88,"s:168:4:168:Infinity":89,"f:168:24:168:31":16,"s:168:36:168:92":90,"s:171:22:171:Infinity":91,"s:172:2:172:Infinity":92,"s:175:0:179:Infinity":93,"f:175:8:175:24":17,"s:176:19:176:Infinity":94,"s:177:20:177:Infinity":95,"s:178:2:178:Infinity":96,"s:181:0:204:Infinity":97,"f:181:9:181:23":18,"s:182:49:182:Infinity":98,"b:184:2:186:Infinity:undefined:undefined:undefined:undefined":27,"s:184:2:186:Infinity":99,"b:184:6:184:20:184:20:184:47":28,"s:185:4:185:Infinity":100,"b:187:2:189:Infinity:undefined:undefined:undefined:undefined":29,"s:187:2:189:Infinity":101,"b:187:6:187:20:187:20:187:47":30,"s:188:4:188:Infinity":102,"s:191:2:191:Infinity":103,"b:192:2:194:Infinity:undefined:undefined:undefined:undefined":31,"s:192:2:194:Infinity":104,"b:192:6:192:40:192:40:192:59":32,"s:193:4:193:Infinity":105,"s:196:19:196:Infinity":106,"s:197:2:203:Infinity":107,"s:206:0:249:Infinity":108,"f:206:8:206:34":19,"s:207:24:207:Infinity":109,"s:208:18:208:Infinity":110,"s:209:22:209:Infinity":111,"s:210:24:214:Infinity":112,"f:210:36:210:43":20,"s:211:20:211:Infinity":113,"s:212:4:213:Infinity":114,"b:212:11:212:Infinity:213:6:213:Infinity":33,"s:216:23:216:Infinity":115,"b:216:50:216:81:216:81:216:Infinity":34,"s:217:20:217:Infinity":116,"s:218:19:218:50":117,"s:219:26:219:Infinity":118,"b:221:2:237:Infinity:undefined:undefined:undefined:undefined":35,"s:221:2:237:Infinity":119,"s:222:22:222:Infinity":120,"s:223:18:227:Infinity":121,"f:223:50:223:57":21,"s:224:24:224:Infinity":122,"s:225:23:225:Infinity":123,"s:226:6:226:Infinity":124,"b:226:13:226:40:226:40:226:Infinity":36,"b:229:4:234:Infinity:undefined:undefined:undefined:undefined":37,"s:229:4:234:Infinity":125,"s:230:6:233:Infinity":126,"f:230:48:230:55":22,"s:231:26:231:Infinity":127,"s:232:8:232:Infinity":128,"b:232:15:232:48:232:48:232:Infinity":38,"s:236:4:236:Infinity":129,"s:239:2:248:Infinity":130,"f:243:28:243:32":23,"s:244:35:244:Infinity":131,"s:245:6:245:Infinity":132,"s:251:0:254:Infinity":133,"f:251:8:251:36":24,"s:252:18:252:49":134,"s:253:2:253:Infinity":135,"b:253:11:253:22:253:22:253:73":39,"s:256:0:271:Infinity":136,"f:256:44:256:51":25,"s:257:2:270:Infinity":137,"s:258:25:258:62":138,"s:260:21:260:Infinity":139,"s:261:4:266:Infinity":140,"s:268:4:268:Infinity":141,"s:269:4:269:Infinity":142,"b:269:34:269:49:269:49:269:88":40,"b:273:0:277:Infinity:undefined:undefined:undefined:undefined":41,"s:273:0:277:Infinity":143,"s:274:2:276:Infinity":144,"f:274:13:274:25":26,"s:275:4:275:Infinity":145},"fnNames":{}}}
,"C:\\Users\\Samuel\\Documents\\LMULapTime\\server\\parser.ts": {"path":"C:\\Users\\Samuel\\Documents\\LMULapTime\\server\\parser.ts","statementMap":{"0":{"start":{"line":8,"column":23},"end":{"line":14,"column":null}},"1":{"start":{"line":16,"column":18},"end":{"line":16,"column":null}},"2":{"start":{"line":28,"column":42},"end":{"line":28,"column":null}},"3":{"start":{"line":29,"column":40},"end":{"line":29,"column":null}},"4":{"start":{"line":32,"column":4},"end":{"line":32,"column":null}},"5":{"start":{"line":33,"column":4},"end":{"line":35,"column":null}},"6":{"start":{"line":34,"column":6},"end":{"line":34,"column":null}},"7":{"start":{"line":39,"column":4},"end":{"line":77,"column":null}},"8":{"start":{"line":40,"column":46},"end":{"line":40,"column":null}},"9":{"start":{"line":42,"column":6},"end":{"line":47,"column":null}},"10":{"start":{"line":43,"column":21},"end":{"line":43,"column":null}},"11":{"start":{"line":44,"column":8},"end":{"line":46,"column":null}},"12":{"start":{"line":45,"column":10},"end":{"line":45,"column":null}},"13":{"start":{"line":49,"column":6},"end":{"line":52,"column":null}},"14":{"start":{"line":54,"column":6},"end":{"line":74,"column":null}},"15":{"start":{"line":55,"column":8},"end":{"line":55,"column":null}},"16":{"start":{"line":55,"column":35},"end":{"line":55,"column":null}},"17":{"start":{"line":57,"column":30},"end":{"line":60,"column":null}},"18":{"start":{"line":62,"column":8},"end":{"line":73,"column":null}},"19":{"start":{"line":63,"column":10},"end":{"line":72,"column":null}},"20":{"start":{"line":64,"column":24},"end":{"line":64,"column":null}},"21":{"start":{"line":65,"column":27},"end":{"line":65,"column":null}},"22":{"start":{"line":66,"column":26},"end":{"line":66,"column":null}},"23":{"start":{"line":67,"column":12},"end":{"line":71,"column":null}},"24":{"start":{"line":68,"column":14},"end":{"line":68,"column":null}},"25":{"start":{"line":69,"column":14},"end":{"line":69,"column":null}},"26":{"start":{"line":70,"column":14},"end":{"line":70,"column":null}},"27":{"start":{"line":81,"column":4},"end":{"line":105,"column":null}},"28":{"start":{"line":82,"column":20},"end":{"line":82,"column":null}},"29":{"start":{"line":83,"column":6},"end":{"line":102,"column":null}},"30":{"start":{"line":84,"column":21},"end":{"line":84,"column":53}},"31":{"start":{"line":86,"column":27},"end":{"line":86,"column":null}},"32":{"start":{"line":87,"column":23},"end":{"line":87,"column":null}},"33":{"start":{"line":90,"column":24},"end":{"line":90,"column":null}},"34":{"start":{"line":91,"column":28},"end":{"line":91,"column":null}},"35":{"start":{"line":92,"column":30},"end":{"line":92,"column":null}},"36":{"start":{"line":94,"column":10},"end":{"line":101,"column":null}},"37":{"start":{"line":104,"column":6},"end":{"line":104,"column":null}},"38":{"start":{"line":109,"column":4},"end":{"line":253,"column":null}},"39":{"start":{"line":110,"column":25},"end":{"line":110,"column":null}},"40":{"start":{"line":111,"column":21},"end":{"line":111,"column":null}},"41":{"start":{"line":112,"column":6},"end":{"line":114,"column":null}},"42":{"start":{"line":113,"column":8},"end":{"line":113,"column":null}},"43":{"start":{"line":116,"column":26},"end":{"line":116,"column":null}},"44":{"start":{"line":117,"column":25},"end":{"line":117,"column":null}},"45":{"start":{"line":118,"column":26},"end":{"line":118,"column":null}},"46":{"start":{"line":119,"column":25},"end":{"line":119,"column":null}},"47":{"start":{"line":120,"column":32},"end":{"line":120,"column":null}},"48":{"start":{"line":121,"column":25},"end":{"line":121,"column":null}},"49":{"start":{"line":122,"column":24},"end":{"line":122,"column":null}},"50":{"start":{"line":123,"column":23},"end":{"line":123,"column":null}},"51":{"start":{"line":126,"column":72},"end":{"line":126,"column":null}},"52":{"start":{"line":127,"column":24},"end":{"line":127,"column":null}},"53":{"start":{"line":128,"column":33},"end":{"line":128,"column":null}},"54":{"start":{"line":130,"column":6},"end":{"line":151,"column":null}},"55":{"start":{"line":131,"column":8},"end":{"line":131,"column":null}},"56":{"start":{"line":132,"column":8},"end":{"line":132,"column":null}},"57":{"start":{"line":133,"column":8},"end":{"line":133,"column":null}},"58":{"start":{"line":134,"column":13},"end":{"line":151,"column":null}},"59":{"start":{"line":135,"column":8},"end":{"line":135,"column":null}},"60":{"start":{"line":136,"column":8},"end":{"line":136,"column":null}},"61":{"start":{"line":137,"column":8},"end":{"line":137,"column":null}},"62":{"start":{"line":138,"column":13},"end":{"line":151,"column":null}},"63":{"start":{"line":139,"column":8},"end":{"line":139,"column":null}},"64":{"start":{"line":140,"column":8},"end":{"line":140,"column":null}},"65":{"start":{"line":141,"column":8},"end":{"line":141,"column":null}},"66":{"start":{"line":144,"column":24},"end":{"line":144,"column":null}},"67":{"start":{"line":145,"column":8},"end":{"line":150,"column":null}},"68":{"start":{"line":146,"column":10},"end":{"line":146,"column":null}},"69":{"start":{"line":147,"column":10},"end":{"line":149,"column":null}},"70":{"start":{"line":147,"column":43},"end":{"line":147,"column":null}},"71":{"start":{"line":148,"column":15},"end":{"line":149,"column":null}},"72":{"start":{"line":148,"column":48},"end":{"line":148,"column":null}},"73":{"start":{"line":149,"column":15},"end":{"line":149,"column":null}},"74":{"start":{"line":149,"column":48},"end":{"line":149,"column":null}},"75":{"start":{"line":154,"column":23},"end":{"line":154,"column":null}},"76":{"start":{"line":155,"column":6},"end":{"line":157,"column":null}},"77":{"start":{"line":156,"column":8},"end":{"line":156,"column":null}},"78":{"start":{"line":159,"column":36},"end":{"line":159,"column":null}},"79":{"start":{"line":159,"column":63},"end":{"line":159,"column":82}},"80":{"start":{"line":162,"column":6},"end":{"line":181,"column":null}},"81":{"start":{"line":163,"column":8},"end":{"line":172,"column":null}},"82":{"start":{"line":164,"column":10},"end":{"line":171,"column":null}},"83":{"start":{"line":165,"column":29},"end":{"line":165,"column":null}},"84":{"start":{"line":166,"column":12},"end":{"line":170,"column":null}},"85":{"start":{"line":167,"column":14},"end":{"line":167,"column":null}},"86":{"start":{"line":168,"column":14},"end":{"line":168,"column":null}},"87":{"start":{"line":169,"column":14},"end":{"line":169,"column":null}},"88":{"start":{"line":174,"column":8},"end":{"line":180,"column":null}},"89":{"start":{"line":175,"column":31},"end":{"line":175,"column":null}},"90":{"start":{"line":176,"column":10},"end":{"line":179,"column":null}},"91":{"start":{"line":177,"column":12},"end":{"line":177,"column":null}},"92":{"start":{"line":178,"column":12},"end":{"line":178,"column":null}},"93":{"start":{"line":184,"column":25},"end":{"line":184,"column":null}},"94":{"start":{"line":185,"column":29},"end":{"line":187,"column":null}},"95":{"start":{"line":186,"column":28},"end":{"line":186,"column":114}},"96":{"start":{"line":189,"column":6},"end":{"line":191,"column":null}},"97":{"start":{"line":190,"column":8},"end":{"line":190,"column":null}},"98":{"start":{"line":190,"column":45},"end":{"line":190,"column":55}},"99":{"start":{"line":193,"column":6},"end":{"line":197,"column":null}},"100":{"start":{"line":194,"column":8},"end":{"line":196,"column":null}},"101":{"start":{"line":195,"column":10},"end":{"line":195,"column":null}},"102":{"start":{"line":199,"column":27},"end":{"line":199,"column":null}},"103":{"start":{"line":202,"column":62},"end":{"line":202,"column":null}},"104":{"start":{"line":203,"column":22},"end":{"line":203,"column":null}},"105":{"start":{"line":204,"column":6},"end":{"line":214,"column":null}},"106":{"start":{"line":205,"column":8},"end":{"line":213,"column":null}},"107":{"start":{"line":206,"column":10},"end":{"line":206,"column":null}},"108":{"start":{"line":207,"column":10},"end":{"line":212,"column":null}},"109":{"start":{"line":217,"column":22},"end":{"line":217,"column":null}},"110":{"start":{"line":220,"column":27},"end":{"line":220,"column":null}},"111":{"start":{"line":221,"column":29},"end":{"line":221,"column":null}},"112":{"start":{"line":223,"column":17},"end":{"line":223,"column":null}},"113":{"start":{"line":225,"column":6},"end":{"line":249,"column":null}},"114":{"start":{"line":251,"column":6},"end":{"line":251,"column":null}},"115":{"start":{"line":252,"column":6},"end":{"line":252,"column":null}},"116":{"start":{"line":257,"column":22},"end":{"line":257,"column":null}},"117":{"start":{"line":258,"column":4},"end":{"line":270,"column":null}},"118":{"start":{"line":259,"column":6},"end":{"line":259,"column":null}},"119":{"start":{"line":259,"column":19},"end":{"line":259,"column":null}},"120":{"start":{"line":260,"column":6},"end":{"line":268,"column":null}},"121":{"start":{"line":261,"column":14},"end":{"line":261,"column":null}},"122":{"start":{"line":262,"column":14},"end":{"line":262,"column":null}},"123":{"start":{"line":263,"column":8},"end":{"line":267,"column":null}},"124":{"start":{"line":265,"column":10},"end":{"line":265,"column":null}},"125":{"start":{"line":266,"column":10},"end":{"line":266,"column":null}},"126":{"start":{"line":269,"column":6},"end":{"line":269,"column":null}},"127":{"start":{"line":269,"column":23},"end":{"line":269,"column":null}},"128":{"start":{"line":272,"column":37},"end":{"line":272,"column":null}},"129":{"start":{"line":274,"column":65},"end":{"line":274,"column":null}},"130":{"start":{"line":275,"column":18},"end":{"line":275,"column":null}},"131":{"start":{"line":276,"column":4},"end":{"line":283,"column":null}},"132":{"start":{"line":277,"column":20},"end":{"line":277,"column":null}},"133":{"start":{"line":278,"column":6},"end":{"line":282,"column":null}},"134":{"start":{"line":279,"column":26},"end":{"line":279,"column":null}},"135":{"start":{"line":280,"column":8},"end":{"line":280,"column":null}},"136":{"start":{"line":281,"column":8},"end":{"line":281,"column":null}},"137":{"start":{"line":281,"column":28},"end":{"line":281,"column":null}},"138":{"start":{"line":285,"column":4},"end":{"line":288,"column":null}},"139":{"start":{"line":285,"column":37},"end":{"line":285,"column":null}},"140":{"start":{"line":286,"column":9},"end":{"line":288,"column":null}},"141":{"start":{"line":286,"column":43},"end":{"line":286,"column":null}},"142":{"start":{"line":287,"column":9},"end":{"line":288,"column":null}},"143":{"start":{"line":287,"column":44},"end":{"line":287,"column":null}},"144":{"start":{"line":288,"column":9},"end":{"line":288,"column":null}},"145":{"start":{"line":290,"column":26},"end":{"line":290,"column":null}},"146":{"start":{"line":291,"column":26},"end":{"line":291,"column":null}},"147":{"start":{"line":293,"column":4},"end":{"line":297,"column":null}},"148":{"start":{"line":301,"column":17},"end":{"line":301,"column":null}},"149":{"start":{"line":302,"column":20},"end":{"line":302,"column":null}},"150":{"start":{"line":303,"column":21},"end":{"line":303,"column":null}},"151":{"start":{"line":304,"column":22},"end":{"line":304,"column":null}},"152":{"start":{"line":305,"column":21},"end":{"line":305,"column":null}},"153":{"start":{"line":306,"column":21},"end":{"line":306,"column":null}},"154":{"start":{"line":307,"column":21},"end":{"line":307,"column":null}},"155":{"start":{"line":308,"column":26},"end":{"line":308,"column":null}},"156":{"start":{"line":310,"column":18},"end":{"line":310,"column":null}},"157":{"start":{"line":311,"column":4},"end":{"line":313,"column":null}},"158":{"start":{"line":312,"column":6},"end":{"line":312,"column":null}},"159":{"start":{"line":315,"column":28},"end":{"line":315,"column":null}},"160":{"start":{"line":315,"column":65},"end":{"line":315,"column":90}},"161":{"start":{"line":318,"column":37},"end":{"line":318,"column":null}},"162":{"start":{"line":319,"column":32},"end":{"line":319,"column":null}},"163":{"start":{"line":320,"column":32},"end":{"line":320,"column":null}},"164":{"start":{"line":321,"column":32},"end":{"line":321,"column":null}},"165":{"start":{"line":323,"column":4},"end":{"line":338,"column":null}},"166":{"start":{"line":324,"column":6},"end":{"line":328,"column":null}},"167":{"start":{"line":325,"column":8},"end":{"line":327,"column":null}},"168":{"start":{"line":326,"column":10},"end":{"line":326,"column":null}},"169":{"start":{"line":329,"column":6},"end":{"line":331,"column":null}},"170":{"start":{"line":330,"column":8},"end":{"line":330,"column":null}},"171":{"start":{"line":332,"column":6},"end":{"line":334,"column":null}},"172":{"start":{"line":333,"column":8},"end":{"line":333,"column":null}},"173":{"start":{"line":335,"column":6},"end":{"line":337,"column":null}},"174":{"start":{"line":336,"column":8},"end":{"line":336,"column":null}},"175":{"start":{"line":340,"column":29},"end":{"line":342,"column":null}},"176":{"start":{"line":344,"column":22},"end":{"line":344,"column":null}},"177":{"start":{"line":344,"column":39},"end":{"line":344,"column":61}},"178":{"start":{"line":345,"column":36},"end":{"line":345,"column":null}},"179":{"start":{"line":346,"column":4},"end":{"line":349,"column":null}},"180":{"start":{"line":347,"column":18},"end":{"line":347,"column":null}},"181":{"start":{"line":347,"column":47},"end":{"line":347,"column":71}},"182":{"start":{"line":348,"column":6},"end":{"line":348,"column":null}},"183":{"start":{"line":351,"column":26},"end":{"line":351,"column":null}},"184":{"start":{"line":351,"column":43},"end":{"line":351,"column":89}},"185":{"start":{"line":353,"column":4},"end":{"line":374,"column":null}},"186":{"start":{"line":378,"column":19},"end":{"line":378,"column":null}},"187":{"start":{"line":379,"column":21},"end":{"line":379,"column":null}},"188":{"start":{"line":382,"column":20},"end":{"line":382,"column":null}},"189":{"start":{"line":383,"column":20},"end":{"line":383,"column":null}},"190":{"start":{"line":385,"column":15},"end":{"line":385,"column":null}},"191":{"start":{"line":386,"column":15},"end":{"line":386,"column":null}},"192":{"start":{"line":387,"column":15},"end":{"line":387,"column":null}},"193":{"start":{"line":388,"column":21},"end":{"line":388,"column":null}},"194":{"start":{"line":389,"column":22},"end":{"line":389,"column":null}},"195":{"start":{"line":390,"column":22},"end":{"line":390,"column":null}},"196":{"start":{"line":391,"column":22},"end":{"line":391,"column":null}},"197":{"start":{"line":394,"column":20},"end":{"line":394,"column":null}},"198":{"start":{"line":396,"column":4},"end":{"line":409,"column":null}},"199":{"start":{"line":418,"column":4},"end":{"line":418,"column":null}},"200":{"start":{"line":418,"column":38},"end":{"line":418,"column":null}},"201":{"start":{"line":420,"column":25},"end":{"line":420,"column":null}},"202":{"start":{"line":421,"column":24},"end":{"line":421,"column":null}},"203":{"start":{"line":424,"column":23},"end":{"line":438,"column":null}},"204":{"start":{"line":425,"column":23},"end":{"line":425,"column":null}},"205":{"start":{"line":426,"column":24},"end":{"line":426,"column":null}},"206":{"start":{"line":427,"column":22},"end":{"line":427,"column":null}},"207":{"start":{"line":430,"column":6},"end":{"line":430,"column":null}},"208":{"start":{"line":430,"column":28},"end":{"line":430,"column":null}},"209":{"start":{"line":432,"column":27},"end":{"line":432,"column":null}},"210":{"start":{"line":433,"column":27},"end":{"line":433,"column":null}},"211":{"start":{"line":434,"column":29},"end":{"line":434,"column":null}},"212":{"start":{"line":437,"column":6},"end":{"line":437,"column":null}},"213":{"start":{"line":440,"column":4},"end":{"line":440,"column":null}},"214":{"start":{"line":440,"column":33},"end":{"line":440,"column":null}},"215":{"start":{"line":443,"column":4},"end":{"line":447,"column":null}},"216":{"start":{"line":444,"column":20},"end":{"line":444,"column":null}},"217":{"start":{"line":445,"column":20},"end":{"line":445,"column":null}},"218":{"start":{"line":446,"column":6},"end":{"line":446,"column":null}},"219":{"start":{"line":449,"column":4},"end":{"line":449,"column":null}},"220":{"start":{"line":458,"column":17},"end":{"line":458,"column":null}},"221":{"start":{"line":458,"column":46},"end":{"line":458,"column":71}},"222":{"start":{"line":460,"column":2},"end":{"line":503,"column":null}},"223":{"start":{"line":462,"column":17},"end":{"line":464,"column":null}},"224":{"start":{"line":463,"column":28},"end":{"line":463,"column":83}},"225":{"start":{"line":466,"column":4},"end":{"line":468,"column":null}},"226":{"start":{"line":467,"column":6},"end":{"line":467,"column":null}},"227":{"start":{"line":470,"column":22},"end":{"line":470,"column":null}},"228":{"start":{"line":470,"column":47},"end":{"line":470,"column":69}},"229":{"start":{"line":471,"column":27},"end":{"line":471,"column":null}},"230":{"start":{"line":472,"column":27},"end":{"line":472,"column":null}},"231":{"start":{"line":474,"column":36},"end":{"line":474,"column":null}},"232":{"start":{"line":475,"column":4},"end":{"line":478,"column":null}},"233":{"start":{"line":476,"column":18},"end":{"line":476,"column":null}},"234":{"start":{"line":476,"column":47},"end":{"line":476,"column":71}},"235":{"start":{"line":477,"column":6},"end":{"line":477,"column":null}},"236":{"start":{"line":480,"column":4},"end":{"line":502,"column":null}},"237":{"start":{"line":507,"column":2},"end":{"line":509,"column":null}},"238":{"start":{"line":508,"column":4},"end":{"line":508,"column":null}},"239":{"start":{"line":511,"column":16},"end":{"line":511,"column":null}},"240":{"start":{"line":512,"column":16},"end":{"line":512,"column":null}},"241":{"start":{"line":515,"column":2},"end":{"line":517,"column":null}},"242":{"start":{"line":516,"column":4},"end":{"line":516,"column":null}},"243":{"start":{"line":520,"column":2},"end":{"line":522,"column":null}},"244":{"start":{"line":521,"column":4},"end":{"line":521,"column":null}},"245":{"start":{"line":524,"column":20},"end":{"line":524,"column":null}},"246":{"start":{"line":527,"column":2},"end":{"line":533,"column":null}},"247":{"start":{"line":528,"column":22},"end":{"line":528,"column":null}},"248":{"start":{"line":529,"column":4},"end":{"line":531,"column":null}},"249":{"start":{"line":529,"column":38},"end":{"line":529,"column":81}},"250":{"start":{"line":530,"column":6},"end":{"line":530,"column":null}},"251":{"start":{"line":532,"column":4},"end":{"line":532,"column":null}},"252":{"start":{"line":536,"column":21},"end":{"line":536,"column":null}},"253":{"start":{"line":536,"column":54},"end":{"line":536,"column":69}},"254":{"start":{"line":536,"column":83},"end":{"line":536,"column":95}},"255":{"start":{"line":537,"column":22},"end":{"line":537,"column":null}},"256":{"start":{"line":539,"column":24},"end":{"line":542,"column":null}},"257":{"start":{"line":540,"column":22},"end":{"line":540,"column":null}},"258":{"start":{"line":541,"column":4},"end":{"line":541,"column":null}},"259":{"start":{"line":541,"column":34},"end":{"line":541,"column":99}},"260":{"start":{"line":544,"column":2},"end":{"line":544,"column":null}},"261":{"start":{"line":546,"column":2},"end":{"line":548,"column":null}},"262":{"start":{"line":547,"column":4},"end":{"line":547,"column":null}},"263":{"start":{"line":550,"column":2},"end":{"line":550,"column":null}},"264":{"start":{"line":557,"column":44},"end":{"line":557,"column":null}},"265":{"start":{"line":559,"column":2},"end":{"line":606,"column":null}},"266":{"start":{"line":560,"column":18},"end":{"line":560,"column":null}},"267":{"start":{"line":561,"column":4},"end":{"line":575,"column":null}},"268":{"start":{"line":562,"column":6},"end":{"line":574,"column":null}},"269":{"start":{"line":577,"column":20},"end":{"line":577,"column":null}},"270":{"start":{"line":578,"column":4},"end":{"line":578,"column":null}},"271":{"start":{"line":580,"column":14},"end":{"line":580,"column":null}},"272":{"start":{"line":580,"column":52},"end":{"line":580,"column":62}},"273":{"start":{"line":581,"column":4},"end":{"line":601,"column":null}},"274":{"start":{"line":582,"column":6},"end":{"line":582,"column":null}},"275":{"start":{"line":583,"column":6},"end":{"line":585,"column":null}},"276":{"start":{"line":584,"column":8},"end":{"line":584,"column":null}},"277":{"start":{"line":587,"column":6},"end":{"line":591,"column":null}},"278":{"start":{"line":588,"column":8},"end":{"line":588,"column":null}},"279":{"start":{"line":589,"column":8},"end":{"line":589,"column":null}},"280":{"start":{"line":590,"column":8},"end":{"line":590,"column":null}},"281":{"start":{"line":592,"column":6},"end":{"line":594,"column":null}},"282":{"start":{"line":593,"column":8},"end":{"line":593,"column":null}},"283":{"start":{"line":595,"column":6},"end":{"line":597,"column":null}},"284":{"start":{"line":596,"column":8},"end":{"line":596,"column":null}},"285":{"start":{"line":598,"column":6},"end":{"line":600,"column":null}},"286":{"start":{"line":599,"column":8},"end":{"line":599,"column":null}},"287":{"start":{"line":603,"column":4},"end":{"line":605,"column":null}},"288":{"start":{"line":604,"column":6},"end":{"line":604,"column":null}},"289":{"start":{"line":608,"column":2},"end":{"line":608,"column":null}}},"fnMap":{"0":{"name":"constructor","decl":{"start":{"line":31,"column":2},"end":{"line":31,"column":14}},"loc":{"start":{"line":31,"column":56},"end":{"line":36,"column":null}},"line":31},"1":{"name":"detectPlayerName","decl":{"start":{"line":38,"column":2},"end":{"line":38,"column":9}},"loc":{"start":{"line":38,"column":44},"end":{"line":78,"column":null}},"line":38},"2":{"name":"indexReplays","decl":{"start":{"line":80,"column":2},"end":{"line":80,"column":9}},"loc":{"start":{"line":80,"column":42},"end":{"line":106,"column":null}},"line":80},"3":{"name":"(anonymous_3)","decl":{"start":{"line":84,"column":9},"end":{"line":84,"column":16}},"loc":{"start":{"line":84,"column":21},"end":{"line":84,"column":53}},"line":84},"4":{"name":"(anonymous_4)","decl":{"start":{"line":85,"column":9},"end":{"line":85,"column":13}},"loc":{"start":{"line":85,"column":18},"end":{"line":102,"column":9}},"line":85},"5":{"name":"parseSessionXml","decl":{"start":{"line":108,"column":2},"end":{"line":108,"column":9}},"loc":{"start":{"line":108,"column":67},"end":{"line":254,"column":null}},"line":108},"6":{"name":"(anonymous_6)","decl":{"start":{"line":159,"column":47},"end":{"line":159,"column":52}},"loc":{"start":{"line":159,"column":63},"end":{"line":159,"column":82}},"line":159},"7":{"name":"(anonymous_7)","decl":{"start":{"line":162,"column":14},"end":{"line":162,"column":22}},"loc":{"start":{"line":162,"column":32},"end":{"line":181,"column":7}},"line":162},"8":{"name":"(anonymous_8)","decl":{"start":{"line":163,"column":20},"end":{"line":163,"column":28}},"loc":{"start":{"line":163,"column":35},"end":{"line":172,"column":9}},"line":163},"9":{"name":"(anonymous_9)","decl":{"start":{"line":186,"column":18},"end":{"line":186,"column":23}},"loc":{"start":{"line":186,"column":28},"end":{"line":186,"column":114}},"line":186},"10":{"name":"(anonymous_10)","decl":{"start":{"line":190,"column":35},"end":{"line":190,"column":40}},"loc":{"start":{"line":190,"column":45},"end":{"line":190,"column":55}},"line":190},"11":{"name":"(anonymous_11)","decl":{"start":{"line":194,"column":16},"end":{"line":194,"column":24}},"loc":{"start":{"line":194,"column":29},"end":{"line":196,"column":9}},"line":194},"12":{"name":"(anonymous_12)","decl":{"start":{"line":204,"column":14},"end":{"line":204,"column":22}},"loc":{"start":{"line":204,"column":27},"end":{"line":214,"column":7}},"line":204},"13":{"name":"parseWeather","decl":{"start":{"line":256,"column":2},"end":{"line":256,"column":9}},"loc":{"start":{"line":256,"column":81},"end":{"line":298,"column":null}},"line":256},"14":{"name":"parseDriver","decl":{"start":{"line":300,"column":2},"end":{"line":300,"column":10}},"loc":{"start":{"line":300,"column":42},"end":{"line":375,"column":null}},"line":300},"15":{"name":"(anonymous_15)","decl":{"start":{"line":315,"column":36},"end":{"line":315,"column":41}},"loc":{"start":{"line":315,"column":65},"end":{"line":315,"column":90}},"line":315},"16":{"name":"(anonymous_16)","decl":{"start":{"line":323,"column":9},"end":{"line":323,"column":17}},"loc":{"start":{"line":323,"column":24},"end":{"line":338,"column":5}},"line":323},"17":{"name":"(anonymous_17)","decl":{"start":{"line":344,"column":27},"end":{"line":344,"column":34}},"loc":{"start":{"line":344,"column":39},"end":{"line":344,"column":61}},"line":344},"18":{"name":"(anonymous_18)","decl":{"start":{"line":347,"column":28},"end":{"line":347,"column":36}},"loc":{"start":{"line":347,"column":47},"end":{"line":347,"column":71}},"line":347},"19":{"name":"(anonymous_19)","decl":{"start":{"line":351,"column":31},"end":{"line":351,"column":38}},"loc":{"start":{"line":351,"column":43},"end":{"line":351,"column":89}},"line":351},"20":{"name":"parseLap","decl":{"start":{"line":377,"column":2},"end":{"line":377,"column":10}},"loc":{"start":{"line":377,"column":57},"end":{"line":410,"column":null}},"line":377},"21":{"name":"findMatchingReplay","decl":{"start":{"line":412,"column":2},"end":{"line":412,"column":10}},"loc":{"start":{"line":417,"column":33},"end":{"line":450,"column":null}},"line":417},"22":{"name":"(anonymous_22)","decl":{"start":{"line":424,"column":39},"end":{"line":424,"column":46}},"loc":{"start":{"line":424,"column":51},"end":{"line":438,"column":5}},"line":424},"23":{"name":"(anonymous_23)","decl":{"start":{"line":443,"column":15},"end":{"line":443,"column":21}},"loc":{"start":{"line":443,"column":30},"end":{"line":447,"column":5}},"line":443},"24":{"name":"computeProgression","decl":{"start":{"line":456,"column":16},"end":{"line":456,"column":35}},"loc":{"start":{"line":456,"column":118},"end":{"line":504,"column":null}},"line":456},"25":{"name":"(anonymous_25)","decl":{"start":{"line":458,"column":31},"end":{"line":458,"column":37}},"loc":{"start":{"line":458,"column":46},"end":{"line":458,"column":71}},"line":458},"26":{"name":"(anonymous_26)","decl":{"start":{"line":460,"column":16},"end":{"line":460,"column":20}},"loc":{"start":{"line":460,"column":25},"end":{"line":503,"column":3}},"line":460},"27":{"name":"(anonymous_27)","decl":{"start":{"line":463,"column":18},"end":{"line":463,"column":23}},"loc":{"start":{"line":463,"column":28},"end":{"line":463,"column":83}},"line":463},"28":{"name":"(anonymous_28)","decl":{"start":{"line":470,"column":35},"end":{"line":470,"column":42}},"loc":{"start":{"line":470,"column":47},"end":{"line":470,"column":69}},"line":470},"29":{"name":"(anonymous_29)","decl":{"start":{"line":476,"column":28},"end":{"line":476,"column":36}},"loc":{"start":{"line":476,"column":47},"end":{"line":476,"column":71}},"line":476},"30":{"name":"getDisplayTrackName","decl":{"start":{"line":506,"column":16},"end":{"line":506,"column":36}},"loc":{"start":{"line":506,"column":85},"end":{"line":551,"column":null}},"line":506},"31":{"name":"(anonymous_31)","decl":{"start":{"line":527,"column":36},"end":{"line":527,"column":57}},"loc":{"start":{"line":527,"column":67},"end":{"line":533,"column":3}},"line":527},"32":{"name":"(anonymous_32)","decl":{"start":{"line":529,"column":25},"end":{"line":529,"column":30}},"loc":{"start":{"line":529,"column":38},"end":{"line":529,"column":81}},"line":529},"33":{"name":"(anonymous_33)","decl":{"start":{"line":536,"column":45},"end":{"line":536,"column":49}},"loc":{"start":{"line":536,"column":54},"end":{"line":536,"column":69}},"line":536},"34":{"name":"(anonymous_34)","decl":{"start":{"line":536,"column":71},"end":{"line":536,"column":78}},"loc":{"start":{"line":536,"column":83},"end":{"line":536,"column":95}},"line":536},"35":{"name":"(anonymous_35)","decl":{"start":{"line":539,"column":36},"end":{"line":539,"column":43}},"loc":{"start":{"line":539,"column":51},"end":{"line":542,"column":3}},"line":539},"36":{"name":"(anonymous_36)","decl":{"start":{"line":541,"column":23},"end":{"line":541,"column":28}},"loc":{"start":{"line":541,"column":34},"end":{"line":541,"column":99}},"line":541},"37":{"name":"computeTrackSummaries","decl":{"start":{"line":556,"column":16},"end":{"line":556,"column":38}},"loc":{"start":{"line":556,"column":97},"end":{"line":609,"column":null}},"line":556},"38":{"name":"(anonymous_38)","decl":{"start":{"line":559,"column":11},"end":{"line":559,"column":19}},"loc":{"start":{"line":559,"column":24},"end":{"line":606,"column":3}},"line":559},"39":{"name":"(anonymous_39)","decl":{"start":{"line":580,"column":42},"end":{"line":580,"column":47}},"loc":{"start":{"line":580,"column":52},"end":{"line":580,"column":62}},"line":580}},"branchMap":{"0":{"loc":{"start":{"line":32,"column":26},"end":{"line":32,"column":50}},"type":"binary-expr","locations":[{"start":{"line":32,"column":26},"end":{"line":32,"column":40}},{"start":{"line":32,"column":40},"end":{"line":32,"column":50}}],"line":32},"1":{"loc":{"start":{"line":33,"column":4},"end":{"line":35,"column":null}},"type":"if","locations":[{"start":{"line":33,"column":4},"end":{"line":35,"column":null}},{"start":{},"end":{}}],"line":33},"2":{"loc":{"start":{"line":33,"column":8},"end":{"line":33,"column":49}},"type":"binary-expr","locations":[{"start":{"line":33,"column":8},"end":{"line":33,"column":22}},{"start":{"line":33,"column":22},"end":{"line":33,"column":49}}],"line":33},"3":{"loc":{"start":{"line":42,"column":6},"end":{"line":47,"column":null}},"type":"if","locations":[{"start":{"line":42,"column":6},"end":{"line":47,"column":null}},{"start":{},"end":{}}],"line":42},"4":{"loc":{"start":{"line":44,"column":8},"end":{"line":46,"column":null}},"type":"if","locations":[{"start":{"line":44,"column":8},"end":{"line":46,"column":null}},{"start":{},"end":{}}],"line":44},"5":{"loc":{"start":{"line":55,"column":8},"end":{"line":55,"column":null}},"type":"if","locations":[{"start":{"line":55,"column":8},"end":{"line":55,"column":null}},{"start":{},"end":{}}],"line":55},"6":{"loc":{"start":{"line":63,"column":10},"end":{"line":72,"column":null}},"type":"if","locations":[{"start":{"line":63,"column":10},"end":{"line":72,"column":null}},{"start":{},"end":{}}],"line":63},"7":{"loc":{"start":{"line":66,"column":26},"end":{"line":66,"column":null}},"type":"binary-expr","locations":[{"start":{"line":66,"column":26},"end":{"line":66,"column":61}},{"start":{"line":66,"column":61},"end":{"line":66,"column":null}}],"line":66},"8":{"loc":{"start":{"line":67,"column":12},"end":{"line":71,"column":null}},"type":"if","locations":[{"start":{"line":67,"column":12},"end":{"line":71,"column":null}},{"start":{},"end":{}}],"line":67},"9":{"loc":{"start":{"line":67,"column":16},"end":{"line":67,"column":68}},"type":"binary-expr","locations":[{"start":{"line":67,"column":16},"end":{"line":67,"column":25}},{"start":{"line":67,"column":25},"end":{"line":67,"column":54}},{"start":{"line":67,"column":54},"end":{"line":67,"column":68}}],"line":67},"10":{"loc":{"start":{"line":91,"column":28},"end":{"line":91,"column":null}},"type":"cond-expr","locations":[{"start":{"line":91,"column":36},"end":{"line":91,"column":54}},{"start":{"line":91,"column":54},"end":{"line":91,"column":null}}],"line":91},"11":{"loc":{"start":{"line":92,"column":30},"end":{"line":92,"column":null}},"type":"cond-expr","locations":[{"start":{"line":92,"column":38},"end":{"line":92,"column":63}},{"start":{"line":92,"column":63},"end":{"line":92,"column":null}}],"line":92},"12":{"loc":{"start":{"line":112,"column":6},"end":{"line":114,"column":null}},"type":"if","locations":[{"start":{"line":112,"column":6},"end":{"line":114,"column":null}},{"start":{},"end":{}}],"line":112},"13":{"loc":{"start":{"line":112,"column":10},"end":{"line":112,"column":75}},"type":"binary-expr","locations":[{"start":{"line":112,"column":10},"end":{"line":112,"column":21}},{"start":{"line":112,"column":21},"end":{"line":112,"column":43}},{"start":{"line":112,"column":43},"end":{"line":112,"column":75}}],"line":112},"14":{"loc":{"start":{"line":117,"column":25},"end":{"line":117,"column":null}},"type":"binary-expr","locations":[{"start":{"line":117,"column":25},"end":{"line":117,"column":51}},{"start":{"line":117,"column":51},"end":{"line":117,"column":78}},{"start":{"line":117,"column":78},"end":{"line":117,"column":null}}],"line":117},"15":{"loc":{"start":{"line":118,"column":26},"end":{"line":118,"column":null}},"type":"binary-expr","locations":[{"start":{"line":118,"column":26},"end":{"line":118,"column":53}},{"start":{"line":118,"column":53},"end":{"line":118,"column":null}}],"line":118},"16":{"loc":{"start":{"line":119,"column":25},"end":{"line":119,"column":null}},"type":"binary-expr","locations":[{"start":{"line":119,"column":25},"end":{"line":119,"column":51}},{"start":{"line":119,"column":51},"end":{"line":119,"column":null}}],"line":119},"17":{"loc":{"start":{"line":120,"column":32},"end":{"line":120,"column":null}},"type":"binary-expr","locations":[{"start":{"line":120,"column":32},"end":{"line":120,"column":71}},{"start":{"line":120,"column":71},"end":{"line":120,"column":null}}],"line":120},"18":{"loc":{"start":{"line":121,"column":25},"end":{"line":121,"column":null}},"type":"binary-expr","locations":[{"start":{"line":121,"column":25},"end":{"line":121,"column":51}},{"start":{"line":121,"column":51},"end":{"line":121,"column":null}}],"line":121},"19":{"loc":{"start":{"line":122,"column":24},"end":{"line":122,"column":null}},"type":"cond-expr","locations":[{"start":{"line":122,"column":47},"end":{"line":122,"column":91}},{"start":{"line":122,"column":91},"end":{"line":122,"column":null}}],"line":122},"20":{"loc":{"start":{"line":130,"column":6},"end":{"line":151,"column":null}},"type":"if","locations":[{"start":{"line":130,"column":6},"end":{"line":151,"column":null}},{"start":{"line":134,"column":13},"end":{"line":151,"column":null}}],"line":130},"21":{"loc":{"start":{"line":134,"column":13},"end":{"line":151,"column":null}},"type":"if","locations":[{"start":{"line":134,"column":13},"end":{"line":151,"column":null}},{"start":{"line":138,"column":13},"end":{"line":151,"column":null}}],"line":134},"22":{"loc":{"start":{"line":138,"column":13},"end":{"line":151,"column":null}},"type":"if","locations":[{"start":{"line":138,"column":13},"end":{"line":151,"column":null}},{"start":{"line":142,"column":13},"end":{"line":151,"column":null}}],"line":138},"23":{"loc":{"start":{"line":138,"column":17},"end":{"line":138,"column":64}},"type":"binary-expr","locations":[{"start":{"line":138,"column":17},"end":{"line":138,"column":42}},{"start":{"line":138,"column":42},"end":{"line":138,"column":64}}],"line":138},"24":{"loc":{"start":{"line":141,"column":26},"end":{"line":141,"column":null}},"type":"binary-expr","locations":[{"start":{"line":141,"column":26},"end":{"line":141,"column":51}},{"start":{"line":141,"column":51},"end":{"line":141,"column":null}}],"line":141},"25":{"loc":{"start":{"line":145,"column":8},"end":{"line":150,"column":null}},"type":"if","locations":[{"start":{"line":145,"column":8},"end":{"line":150,"column":null}},{"start":{},"end":{}}],"line":145},"26":{"loc":{"start":{"line":147,"column":10},"end":{"line":149,"column":null}},"type":"if","locations":[{"start":{"line":147,"column":10},"end":{"line":149,"column":null}},{"start":{"line":148,"column":15},"end":{"line":149,"column":null}}],"line":147},"27":{"loc":{"start":{"line":148,"column":15},"end":{"line":149,"column":null}},"type":"if","locations":[{"start":{"line":148,"column":15},"end":{"line":149,"column":null}},{"start":{"line":149,"column":15},"end":{"line":149,"column":null}}],"line":148},"28":{"loc":{"start":{"line":149,"column":15},"end":{"line":149,"column":null}},"type":"if","locations":[{"start":{"line":149,"column":15},"end":{"line":149,"column":null}},{"start":{},"end":{}}],"line":149},"29":{"loc":{"start":{"line":154,"column":23},"end":{"line":154,"column":null}},"type":"binary-expr","locations":[{"start":{"line":154,"column":23},"end":{"line":154,"column":50}},{"start":{"line":154,"column":50},"end":{"line":154,"column":72}},{"start":{"line":154,"column":72},"end":{"line":154,"column":null}}],"line":154},"30":{"loc":{"start":{"line":155,"column":6},"end":{"line":157,"column":null}},"type":"if","locations":[{"start":{"line":155,"column":6},"end":{"line":157,"column":null}},{"start":{},"end":{}}],"line":155},"31":{"loc":{"start":{"line":164,"column":10},"end":{"line":171,"column":null}},"type":"if","locations":[{"start":{"line":164,"column":10},"end":{"line":171,"column":null}},{"start":{},"end":{}}],"line":164},"32":{"loc":{"start":{"line":164,"column":14},"end":{"line":164,"column":42}},"type":"binary-expr","locations":[{"start":{"line":164,"column":14},"end":{"line":164,"column":29}},{"start":{"line":164,"column":29},"end":{"line":164,"column":42}}],"line":164},"33":{"loc":{"start":{"line":166,"column":12},"end":{"line":170,"column":null}},"type":"if","locations":[{"start":{"line":166,"column":12},"end":{"line":170,"column":null}},{"start":{},"end":{}}],"line":166},"34":{"loc":{"start":{"line":174,"column":8},"end":{"line":180,"column":null}},"type":"if","locations":[{"start":{"line":174,"column":8},"end":{"line":180,"column":null}},{"start":{},"end":{}}],"line":174},"35":{"loc":{"start":{"line":176,"column":10},"end":{"line":179,"column":null}},"type":"if","locations":[{"start":{"line":176,"column":10},"end":{"line":179,"column":null}},{"start":{},"end":{}}],"line":176},"36":{"loc":{"start":{"line":185,"column":29},"end":{"line":187,"column":null}},"type":"cond-expr","locations":[{"start":{"line":186,"column":10},"end":{"line":186,"column":null}},{"start":{"line":187,"column":10},"end":{"line":187,"column":null}}],"line":185},"37":{"loc":{"start":{"line":186,"column":28},"end":{"line":186,"column":114}},"type":"binary-expr","locations":[{"start":{"line":186,"column":28},"end":{"line":186,"column":73}},{"start":{"line":186,"column":73},"end":{"line":186,"column":114}}],"line":186},"38":{"loc":{"start":{"line":189,"column":6},"end":{"line":191,"column":null}},"type":"if","locations":[{"start":{"line":189,"column":6},"end":{"line":191,"column":null}},{"start":{},"end":{}}],"line":189},"39":{"loc":{"start":{"line":190,"column":27},"end":{"line":190,"column":null}},"type":"binary-expr","locations":[{"start":{"line":190,"column":27},"end":{"line":190,"column":60}},{"start":{"line":190,"column":60},"end":{"line":190,"column":null}}],"line":190},"40":{"loc":{"start":{"line":193,"column":6},"end":{"line":197,"column":null}},"type":"if","locations":[{"start":{"line":193,"column":6},"end":{"line":197,"column":null}},{"start":{},"end":{}}],"line":193},"41":{"loc":{"start":{"line":205,"column":8},"end":{"line":213,"column":null}},"type":"if","locations":[{"start":{"line":205,"column":8},"end":{"line":213,"column":null}},{"start":{},"end":{}}],"line":205},"42":{"loc":{"start":{"line":205,"column":12},"end":{"line":205,"column":56}},"type":"binary-expr","locations":[{"start":{"line":205,"column":12},"end":{"line":205,"column":29}},{"start":{"line":205,"column":29},"end":{"line":205,"column":56}}],"line":205},"43":{"loc":{"start":{"line":239,"column":21},"end":{"line":239,"column":null}},"type":"binary-expr","locations":[{"start":{"line":239,"column":21},"end":{"line":239,"column":48}},{"start":{"line":239,"column":48},"end":{"line":239,"column":null}}],"line":239},"44":{"loc":{"start":{"line":244,"column":28},"end":{"line":248,"column":null}},"type":"cond-expr","locations":[{"start":{"line":244,"column":45},"end":{"line":248,"column":12}},{"start":{"line":248,"column":12},"end":{"line":248,"column":null}}],"line":244},"45":{"loc":{"start":{"line":259,"column":6},"end":{"line":259,"column":null}},"type":"if","locations":[{"start":{"line":259,"column":6},"end":{"line":259,"column":null}},{"start":{},"end":{}}],"line":259},"46":{"loc":{"start":{"line":261,"column":23},"end":{"line":261,"column":40}},"type":"binary-expr","locations":[{"start":{"line":261,"column":23},"end":{"line":261,"column":38}},{"start":{"line":261,"column":38},"end":{"line":261,"column":40}}],"line":261},"47":{"loc":{"start":{"line":262,"column":23},"end":{"line":262,"column":40}},"type":"binary-expr","locations":[{"start":{"line":262,"column":23},"end":{"line":262,"column":38}},{"start":{"line":262,"column":38},"end":{"line":262,"column":40}}],"line":262},"48":{"loc":{"start":{"line":263,"column":8},"end":{"line":267,"column":null}},"type":"if","locations":[{"start":{"line":263,"column":8},"end":{"line":267,"column":null}},{"start":{},"end":{}}],"line":263},"49":{"loc":{"start":{"line":263,"column":12},"end":{"line":264,"column":88}},"type":"binary-expr","locations":[{"start":{"line":263,"column":12},"end":{"line":263,"column":37}},{"start":{"line":263,"column":37},"end":{"line":263,"column":63}},{"start":{"line":263,"column":63},"end":{"line":263,"column":null}},{"start":{"line":264,"column":12},"end":{"line":264,"column":37}},{"start":{"line":264,"column":37},"end":{"line":264,"column":63}},{"start":{"line":264,"column":63},"end":{"line":264,"column":88}}],"line":263},"50":{"loc":{"start":{"line":269,"column":6},"end":{"line":269,"column":null}},"type":"if","locations":[{"start":{"line":269,"column":6},"end":{"line":269,"column":null}},{"start":{},"end":{}}],"line":269},"51":{"loc":{"start":{"line":272,"column":37},"end":{"line":272,"column":null}},"type":"cond-expr","locations":[{"start":{"line":272,"column":51},"end":{"line":272,"column":59}},{"start":{"line":272,"column":59},"end":{"line":272,"column":null}}],"line":272},"52":{"loc":{"start":{"line":276,"column":4},"end":{"line":283,"column":null}},"type":"if","locations":[{"start":{"line":276,"column":4},"end":{"line":283,"column":null}},{"start":{},"end":{}}],"line":276},"53":{"loc":{"start":{"line":278,"column":6},"end":{"line":282,"column":null}},"type":"if","locations":[{"start":{"line":278,"column":6},"end":{"line":282,"column":null}},{"start":{},"end":{}}],"line":278},"54":{"loc":{"start":{"line":281,"column":8},"end":{"line":281,"column":null}},"type":"if","locations":[{"start":{"line":281,"column":8},"end":{"line":281,"column":null}},{"start":{},"end":{}}],"line":281},"55":{"loc":{"start":{"line":285,"column":4},"end":{"line":288,"column":null}},"type":"if","locations":[{"start":{"line":285,"column":4},"end":{"line":288,"column":null}},{"start":{"line":286,"column":9},"end":{"line":288,"column":null}}],"line":285},"56":{"loc":{"start":{"line":285,"column":8},"end":{"line":285,"column":37}},"type":"binary-expr","locations":[{"start":{"line":285,"column":8},"end":{"line":285,"column":24}},{"start":{"line":285,"column":24},"end":{"line":285,"column":37}}],"line":285},"57":{"loc":{"start":{"line":286,"column":9},"end":{"line":288,"column":null}},"type":"if","locations":[{"start":{"line":286,"column":9},"end":{"line":288,"column":null}},{"start":{"line":287,"column":9},"end":{"line":288,"column":null}}],"line":286},"58":{"loc":{"start":{"line":286,"column":13},"end":{"line":286,"column":43}},"type":"binary-expr","locations":[{"start":{"line":286,"column":13},"end":{"line":286,"column":29}},{"start":{"line":286,"column":29},"end":{"line":286,"column":43}}],"line":286},"59":{"loc":{"start":{"line":287,"column":9},"end":{"line":288,"column":null}},"type":"if","locations":[{"start":{"line":287,"column":9},"end":{"line":288,"column":null}},{"start":{"line":288,"column":9},"end":{"line":288,"column":null}}],"line":287},"60":{"loc":{"start":{"line":287,"column":13},"end":{"line":287,"column":44}},"type":"binary-expr","locations":[{"start":{"line":287,"column":13},"end":{"line":287,"column":30}},{"start":{"line":287,"column":30},"end":{"line":287,"column":44}}],"line":287},"61":{"loc":{"start":{"line":290,"column":26},"end":{"line":290,"column":null}},"type":"cond-expr","locations":[{"start":{"line":290,"column":48},"end":{"line":290,"column":56}},{"start":{"line":290,"column":56},"end":{"line":290,"column":null}}],"line":290},"62":{"loc":{"start":{"line":290,"column":56},"end":{"line":290,"column":null}},"type":"cond-expr","locations":[{"start":{"line":290,"column":80},"end":{"line":290,"column":87}},{"start":{"line":290,"column":87},"end":{"line":290,"column":null}}],"line":290},"63":{"loc":{"start":{"line":290,"column":87},"end":{"line":290,"column":null}},"type":"cond-expr","locations":[{"start":{"line":290,"column":113},"end":{"line":290,"column":120}},{"start":{"line":290,"column":120},"end":{"line":290,"column":null}}],"line":290},"64":{"loc":{"start":{"line":290,"column":120},"end":{"line":290,"column":null}},"type":"cond-expr","locations":[{"start":{"line":290,"column":146},"end":{"line":290,"column":153}},{"start":{"line":290,"column":153},"end":{"line":290,"column":null}}],"line":290},"65":{"loc":{"start":{"line":301,"column":24},"end":{"line":301,"column":50}},"type":"binary-expr","locations":[{"start":{"line":301,"column":24},"end":{"line":301,"column":34}},{"start":{"line":301,"column":34},"end":{"line":301,"column":50}}],"line":301},"66":{"loc":{"start":{"line":302,"column":27},"end":{"line":302,"column":66}},"type":"binary-expr","locations":[{"start":{"line":302,"column":27},"end":{"line":302,"column":40}},{"start":{"line":302,"column":40},"end":{"line":302,"column":53}},{"start":{"line":302,"column":53},"end":{"line":302,"column":66}}],"line":302},"67":{"loc":{"start":{"line":303,"column":28},"end":{"line":303,"column":51}},"type":"binary-expr","locations":[{"start":{"line":303,"column":28},"end":{"line":303,"column":42}},{"start":{"line":303,"column":42},"end":{"line":303,"column":51}}],"line":303},"68":{"loc":{"start":{"line":304,"column":29},"end":{"line":304,"column":46}},"type":"binary-expr","locations":[{"start":{"line":304,"column":29},"end":{"line":304,"column":44}},{"start":{"line":304,"column":44},"end":{"line":304,"column":46}}],"line":304},"69":{"loc":{"start":{"line":305,"column":28},"end":{"line":305,"column":44}},"type":"binary-expr","locations":[{"start":{"line":305,"column":28},"end":{"line":305,"column":42}},{"start":{"line":305,"column":42},"end":{"line":305,"column":44}}],"line":305},"70":{"loc":{"start":{"line":306,"column":21},"end":{"line":306,"column":null}},"type":"binary-expr","locations":[{"start":{"line":306,"column":21},"end":{"line":306,"column":51}},{"start":{"line":306,"column":51},"end":{"line":306,"column":null}}],"line":306},"71":{"loc":{"start":{"line":307,"column":21},"end":{"line":307,"column":null}},"type":"binary-expr","locations":[{"start"
[...]
l}},"type":"binary-expr","locations":[{"start":{"line":124,"column":11},"end":{"line":124,"column":40}},{"start":{"line":124,"column":40},"end":{"line":124,"column":null}}],"line":124},"28":{"loc":{"start":{"line":127,"column":2},"end":{"line":129,"column":null}},"type":"if","locations":[{"start":{"line":127,"column":2},"end":{"line":129,"column":null}},{"start":{},"end":{}}],"line":127},"29":{"loc":{"start":{"line":127,"column":6},"end":{"line":127,"column":96}},"type":"binary-expr","locations":[{"start":{"line":127,"column":6},"end":{"line":127,"column":30}},{"start":{"line":127,"column":30},"end":{"line":127,"column":57}},{"start":{"line":127,"column":57},"end":{"line":127,"column":78}},{"start":{"line":127,"column":78},"end":{"line":127,"column":96}}],"line":127},"30":{"loc":{"start":{"line":128,"column":11},"end":{"line":128,"column":null}},"type":"binary-expr","locations":[{"start":{"line":128,"column":11},"end":{"line":128,"column":40}},{"start":{"line":128,"column":40},"end":{"line":128,"column":null}}],"line":128},"31":{"loc":{"start":{"line":131,"column":2},"end":{"line":133,"column":null}},"type":"if","locations":[{"start":{"line":131,"column":2},"end":{"line":133,"column":null}},{"start":{},"end":{}}],"line":131},"32":{"loc":{"start":{"line":135,"column":2},"end":{"line":137,"column":null}},"type":"if","locations":[{"start":{"line":135,"column":2},"end":{"line":137,"column":null}},{"start":{},"end":{}}],"line":135},"33":{"loc":{"start":{"line":142,"column":35},"end":{"line":142,"column":55}},"type":"default-arg","locations":[{"start":{"line":142,"column":51},"end":{"line":142,"column":55}}],"line":142},"34":{"loc":{"start":{"line":142,"column":55},"end":{"line":142,"column":84}},"type":"default-arg","locations":[{"start":{"line":142,"column":72},"end":{"line":142,"column":84}}],"line":142},"35":{"loc":{"start":{"line":145,"column":2},"end":{"line":153,"column":null}},"type":"if","locations":[{"start":{"line":145,"column":2},"end":{"line":153,"column":null}},{"start":{},"end":{}}],"line":145},"36":{"loc":{"start":{"line":145,"column":6},"end":{"line":145,"column":71}},"type":"binary-expr","locations":[{"start":{"line":145,"column":6},"end":{"line":145,"column":42}},{"start":{"line":145,"column":42},"end":{"line":145,"column":71}}],"line":145},"37":{"loc":{"start":{"line":146,"column":4},"end":{"line":148,"column":null}},"type":"if","locations":[{"start":{"line":146,"column":4},"end":{"line":148,"column":null}},{"start":{},"end":{}}],"line":146},"38":{"loc":{"start":{"line":146,"column":8},"end":{"line":146,"column":105}},"type":"binary-expr","locations":[{"start":{"line":146,"column":8},"end":{"line":146,"column":38}},{"start":{"line":146,"column":38},"end":{"line":146,"column":71}},{"start":{"line":146,"column":71},"end":{"line":146,"column":105}}],"line":146},"39":{"loc":{"start":{"line":149,"column":4},"end":{"line":149,"column":null}},"type":"if","locations":[{"start":{"line":149,"column":4},"end":{"line":149,"column":null}},{"start":{},"end":{}}],"line":149},"40":{"loc":{"start":{"line":150,"column":4},"end":{"line":150,"column":null}},"type":"if","locations":[{"start":{"line":150,"column":4},"end":{"line":150,"column":null}},{"start":{},"end":{}}],"line":150},"41":{"loc":{"start":{"line":151,"column":4},"end":{"line":151,"column":null}},"type":"if","locations":[{"start":{"line":151,"column":4},"end":{"line":151,"column":null}},{"start":{},"end":{}}],"line":151},"42":{"loc":{"start":{"line":154,"column":2},"end":{"line":154,"column":null}},"type":"if","locations":[{"start":{"line":154,"column":2},"end":{"line":154,"column":null}},{"start":{},"end":{}}],"line":154},"43":{"loc":{"start":{"line":155,"column":2},"end":{"line":158,"column":null}},"type":"if","locations":[{"start":{"line":155,"column":2},"end":{"line":158,"column":null}},{"start":{},"end":{}}],"line":155},"44":{"loc":{"start":{"line":156,"column":4},"end":{"line":156,"column":null}},"type":"if","locations":[{"start":{"line":156,"column":4},"end":{"line":156,"column":null}},{"start":{},"end":{}}],"line":156},"45":{"loc":{"start":{"line":156,"column":8},"end":{"line":156,"column":67}},"type":"binary-expr","locations":[{"start":{"line":156,"column":8},"end":{"line":156,"column":38}},{"start":{"line":156,"column":38},"end":{"line":156,"column":67}}],"line":156},"46":{"loc":{"start":{"line":159,"column":2},"end":{"line":159,"column":null}},"type":"if","locations":[{"start":{"line":159,"column":2},"end":{"line":159,"column":null}},{"start":{},"end":{}}],"line":159},"47":{"loc":{"start":{"line":159,"column":6},"end":{"line":159,"column":72}},"type":"binary-expr","locations":[{"start":{"line":159,"column":6},"end":{"line":159,"column":40}},{"start":{"line":159,"column":40},"end":{"line":159,"column":72}}],"line":159},"48":{"loc":{"start":{"line":160,"column":2},"end":{"line":163,"column":null}},"type":"if","locations":[{"start":{"line":160,"column":2},"end":{"line":163,"column":null}},{"start":{},"end":{}}],"line":160},"49":{"loc":{"start":{"line":160,"column":6},"end":{"line":160,"column":64}},"type":"binary-expr","locations":[{"start":{"line":160,"column":6},"end":{"line":160,"column":37}},{"start":{"line":160,"column":37},"end":{"line":160,"column":64}}],"line":160},"50":{"loc":{"start":{"line":161,"column":4},"end":{"line":161,"column":null}},"type":"if","locations":[{"start":{"line":161,"column":4},"end":{"line":161,"column":null}},{"start":{},"end":{}}],"line":161},"51":{"loc":{"start":{"line":161,"column":8},"end":{"line":161,"column":75}},"type":"binary-expr","locations":[{"start":{"line":161,"column":8},"end":{"line":161,"column":41}},{"start":{"line":161,"column":41},"end":{"line":161,"column":75}}],"line":161},"52":{"loc":{"start":{"line":164,"column":2},"end":{"line":167,"column":null}},"type":"if","locations":[{"start":{"line":164,"column":2},"end":{"line":167,"column":null}},{"start":{},"end":{}}],"line":164},"53":{"loc":{"start":{"line":164,"column":6},"end":{"line":164,"column":66}},"type":"binary-expr","locations":[{"start":{"line":164,"column":6},"end":{"line":164,"column":35}},{"start":{"line":164,"column":35},"end":{"line":164,"column":66}}],"line":164},"54":{"loc":{"start":{"line":165,"column":4},"end":{"line":165,"column":null}},"type":"if","locations":[{"start":{"line":165,"column":4},"end":{"line":165,"column":null}},{"start":{},"end":{}}],"line":165},"55":{"loc":{"start":{"line":168,"column":2},"end":{"line":168,"column":null}},"type":"if","locations":[{"start":{"line":168,"column":2},"end":{"line":168,"column":null}},{"start":{},"end":{}}],"line":168},"56":{"loc":{"start":{"line":169,"column":2},"end":{"line":172,"column":null}},"type":"if","locations":[{"start":{"line":169,"column":2},"end":{"line":172,"column":null}},{"start":{},"end":{}}],"line":169},"57":{"loc":{"start":{"line":170,"column":4},"end":{"line":170,"column":null}},"type":"if","locations":[{"start":{"line":170,"column":4},"end":{"line":170,"column":null}},{"start":{},"end":{}}],"line":170},"58":{"loc":{"start":{"line":173,"column":2},"end":{"line":173,"column":null}},"type":"if","locations":[{"start":{"line":173,"column":2},"end":{"line":173,"column":null}},{"start":{},"end":{}}],"line":173},"59":{"loc":{"start":{"line":173,"column":6},"end":{"line":173,"column":66}},"type":"binary-expr","locations":[{"start":{"line":173,"column":6},"end":{"line":173,"column":36}},{"start":{"line":173,"column":36},"end":{"line":173,"column":66}}],"line":173},"60":{"loc":{"start":{"line":174,"column":2},"end":{"line":174,"column":null}},"type":"if","locations":[{"start":{"line":174,"column":2},"end":{"line":174,"column":null}},{"start":{},"end":{}}],"line":174},"61":{"loc":{"start":{"line":174,"column":6},"end":{"line":174,"column":68}},"type":"binary-expr","locations":[{"start":{"line":174,"column":6},"end":{"line":174,"column":41}},{"start":{"line":174,"column":41},"end":{"line":174,"column":68}}],"line":174},"62":{"loc":{"start":{"line":175,"column":2},"end":{"line":175,"column":null}},"type":"if","locations":[{"start":{"line":175,"column":2},"end":{"line":175,"column":null}},{"start":{},"end":{}}],"line":175},"63":{"loc":{"start":{"line":175,"column":6},"end":{"line":175,"column":64}},"type":"binary-expr","locations":[{"start":{"line":175,"column":6},"end":{"line":175,"column":37}},{"start":{"line":175,"column":37},"end":{"line":175,"column":64}}],"line":175},"64":{"loc":{"start":{"line":176,"column":2},"end":{"line":176,"column":null}},"type":"if","locations":[{"start":{"line":176,"column":2},"end":{"line":176,"column":null}},{"start":{},"end":{}}],"line":176},"65":{"loc":{"start":{"line":176,"column":6},"end":{"line":176,"column":69}},"type":"binary-expr","locations":[{"start":{"line":176,"column":6},"end":{"line":176,"column":39}},{"start":{"line":176,"column":39},"end":{"line":176,"column":69}}],"line":176},"66":{"loc":{"start":{"line":177,"column":2},"end":{"line":180,"column":null}},"type":"if","locations":[{"start":{"line":177,"column":2},"end":{"line":180,"column":null}},{"start":{},"end":{}}],"line":177},"67":{"loc":{"start":{"line":177,"column":6},"end":{"line":177,"column":65}},"type":"binary-expr","locations":[{"start":{"line":177,"column":6},"end":{"line":177,"column":36}},{"start":{"line":177,"column":36},"end":{"line":177,"column":65}}],"line":177},"68":{"loc":{"start":{"line":178,"column":4},"end":{"line":178,"column":null}},"type":"if","locations":[{"start":{"line":178,"column":4},"end":{"line":178,"column":null}},{"start":{},"end":{}}],"line":178},"69":{"loc":{"start":{"line":181,"column":2},"end":{"line":184,"column":null}},"type":"if","locations":[{"start":{"line":181,"column":2},"end":{"line":184,"column":null}},{"start":{},"end":{}}],"line":181},"70":{"loc":{"start":{"line":182,"column":4},"end":{"line":182,"column":null}},"type":"if","locations":[{"start":{"line":182,"column":4},"end":{"line":182,"column":null}},{"start":{},"end":{}}],"line":182},"71":{"loc":{"start":{"line":185,"column":2},"end":{"line":189,"column":null}},"type":"if","locations":[{"start":{"line":185,"column":2},"end":{"line":189,"column":null}},{"start":{},"end":{}}],"line":185},"72":{"loc":{"start":{"line":186,"column":4},"end":{"line":186,"column":null}},"type":"if","locations":[{"start":{"line":186,"column":4},"end":{"line":186,"column":null}},{"start":{},"end":{}}],"line":186},"73":{"loc":{"start":{"line":187,"column":4},"end":{"line":187,"column":null}},"type":"if","locations":[{"start":{"line":187,"column":4},"end":{"line":187,"column":null}},{"start":{},"end":{}}],"line":187},"74":{"loc":{"start":{"line":190,"column":2},"end":{"line":195,"column":null}},"type":"if","locations":[{"start":{"line":190,"column":2},"end":{"line":195,"column":null}},{"start":{},"end":{}}],"line":190},"75":{"loc":{"start":{"line":191,"column":4},"end":{"line":191,"column":null}},"type":"if","locations":[{"start":{"line":191,"column":4},"end":{"line":191,"column":null}},{"start":{},"end":{}}],"line":191},"76":{"loc":{"start":{"line":192,"column":4},"end":{"line":192,"column":null}},"type":"if","locations":[{"start":{"line":192,"column":4},"end":{"line":192,"column":null}},{"start":{},"end":{}}],"line":192},"77":{"loc":{"start":{"line":193,"column":4},"end":{"line":193,"column":null}},"type":"if","locations":[{"start":{"line":193,"column":4},"end":{"line":193,"column":null}},{"start":{},"end":{}}],"line":193}},"s":{"0":7,"1":61,"2":3,"3":58,"4":19,"5":3,"6":16,"7":10,"8":10,"9":3,"10":7,"11":2,"12":5,"13":1,"14":4,"15":1,"16":3,"17":1,"18":2,"19":7,"20":52,"21":20,"22":32,"23":32,"24":32,"25":17,"26":15,"27":5,"28":10,"29":3,"30":7,"31":3,"32":4,"33":2,"34":2,"35":1,"36":1,"37":39,"38":39,"39":5,"40":1,"41":4,"42":1,"43":3,"44":1,"45":2,"46":1,"47":1,"48":34,"49":7,"50":27,"51":4,"52":1,"53":3,"54":23,"55":1,"56":22,"57":1,"58":1,"59":0,"60":21,"61":2,"62":1,"63":1,"64":19,"65":1,"66":18,"67":2,"68":1,"69":1,"70":16,"71":1,"72":15,"73":1,"74":14,"75":1,"76":13,"77":1,"78":12,"79":2,"80":1,"81":1,"82":10,"83":2,"84":1,"85":1,"86":8,"87":3,"88":1,"89":2,"90":1,"91":1,"92":5,"93":4,"94":1,"95":3,"96":1,"97":2,"98":1,"99":1,"100":1},"f":{"0":61,"1":19,"2":10,"3":52,"4":39},"b":{"0":[3,58],"1":[61,59],"2":[3,16],"3":[19,18,17],"4":[10,2],"5":[10,3],"6":[3,7],"7":[10,9,8],"8":[2,5],"9":[7,5],"10":[1,4],"11":[1,3],"12":[1,2],"13":[2,1,1],"14":[52],"15":[52],"16":[52],"17":[20,32],"18":[52,51],"19":[17,15],"20":[32,15,15,15],"21":[17,16,2],"22":[5,10],"23":[15,10],"24":[5,2],"25":[3,7],"26":[10,7,7,7],"27":[3,0],"28":[3,4],"29":[7,4,4,4],"30":[3,3],"31":[2,2],"32":[1,1],"33":[39],"34":[39],"35":[5,34],"36":[39,34],"37":[1,4],"38":[5,4,4],"39":[1,3],"40":[1,2],"41":[1,1],"42":[7,27],"43":[4,23],"44":[1,3],"45":[4,3],"46":[1,22],"47":[23,22],"48":[1,21],"49":[22,22],"50":[1,0],"51":[1,0],"52":[2,19],"53":[21,21],"54":[1,1],"55":[1,18],"56":[2,16],"57":[1,1],"58":[1,15],"59":[16,16],"60":[1,14],"61":[15,15],"62":[1,13],"63":[14,13],"64":[1,12],"65":[13,13],"66":[2,10],"67":[12,11],"68":[1,1],"69":[2,8],"70":[1,1],"71":[3,5],"72":[1,2],"73":[1,1],"74":[4,1],"75":[1,3],"76":[1,2],"77":[1,1]},"meta":{"lastBranch":78,"lastFunction":5,"lastStatement":101,"seen":{"s:13:77:68:Infinity":0,"f:70:16:70:37":0,"b:71:2:73:Infinity:undefined:undefined:undefined:undefined":0,"s:71:2:73:Infinity":1,"b:71:6:71:19:71:19:71:52":1,"s:72:4:72:Infinity":2,"s:74:2:74:Infinity":3,"f:77:16:77:37":1,"b:78:2:78:Infinity:undefined:undefined:undefined:undefined":2,"s:78:2:78:Infinity":4,"b:78:6:78:34:78:34:78:57:78:57:78:76":3,"s:78:76:78:Infinity":5,"s:79:2:79:Infinity":6,"f:82:16:82:39":2,"s:83:19:83:Infinity":7,"b:83:22:83:34:83:34:83:37":4,"b:83:40:83:51:83:51:83:56":5,"b:85:2:85:Infinity:undefined:undefined:undefined:undefined":6,"s:85:2:85:Infinity":8,"b:85:6:85:36:85:36:85:64:85:64:85:91":7,"s:85:91:85:Infinity":9,"b:86:2:86:Infinity:undefined:undefined:undefined:undefined":8,"s:86:2:86:Infinity":10,"b:86:6:86:34:86:34:86:62":9,"s:86:62:86:Infinity":11,"b:87:2:87:Infinity:undefined:undefined:undefined:undefined":10,"s:87:2:87:Infinity":12,"s:87:33:87:Infinity":13,"b:88:2:88:Infinity:undefined:undefined:undefined:undefined":11,"s:88:2:88:Infinity":14,"s:88:33:88:Infinity":15,"b:89:2:89:Infinity:undefined:undefined:undefined:undefined":12,"s:89:2:89:Infinity":16,"s:89:32:89:Infinity":17,"s:91:2:91:Infinity":18,"b:91:10:91:22:91:22:91:33:91:33:91:42":13,"s:99:55:107:Infinity":19,"f:109:16:109:32":3,"b:109:51:109:55":14,"b:109:73:109:77":15,"b:109:99:109:115":16,"b:110:2:110:Infinity:undefined:undefined:undefined:undefined":17,"s:110:2:110:Infinity":20,"b:110:6:110:22:110:22:110:45":18,"s:110:45:110:Infinity":21,"s:112:19:112:Infinity":22,"s:113:17:113:Infinity":23,"b:115:2:117:Infinity:undefined:undefined:undefined:undefined":19,"s:115:2:117:Infinity":24,"b:115:6:115:26:115:26:115:51:115:51:115:73:115:73:115:92":20,"s:116:4:116:Infinity":25,"b:116:11:116:41:116:41:116:69:116:69:116:Infinity":21,"b:119:2:121:Infinity:undefined:undefined:undefined:undefined":22,"s:119:2:121:Infinity":26,"b:119:6:119:28:119:28:119:46":23,"s:120:4:120:Infinity":27,"b:120:11:120:39:120:39:120:Infinity":24,"b:123:2:125:Infinity:undefined:undefined:undefined:undefined":25,"s:123:2:125:Infinity":28,"b:123:6:123:31:123:31:123:59:123:59:123:85:123:85:123:104":26,"s:124:4:124:Infinity":29,"b:124:11:124:40:124:40:124:Infinity":27,"b:127:2:129:Infinity:undefined:undefined:undefined:undefined":28,"s:127:2:129:Infinity":30,"b:127:6:127:30:127:30:127:57:127:57:127:78:127:78:127:96":29,"s:128:4:128:Infinity":31,"b:128:11:128:40:128:40:128:Infinity":30,"b:131:2:133:Infinity:undefined:undefined:undefined:undefined":31,"s:131:2:133:Infinity":32,"s:132:4:132:Infinity":33,"b:135:2:137:Infinity:undefined:undefined:undefined:undefined":32,"s:135:2:137:Infinity":34,"s:136:4:136:Infinity":35,"s:139:2:139:Infinity":36,"f:142:16:142:35":4,"b:142:51:142:55":33,"b:142:72:142:84":34,"s:143:19:143:Infinity":37,"b:145:2:153:Infinity:undefined:undefined:undefined:undefined":35,"s:145:2:153:Infinity":38,"b:145:6:145:42:145:42:145:71":36,"b:146:4:148:Infinity:undefined:undefined:undefined:undefined":37,"s:146:4:148:Infinity":39,"b:146:8:146:38:146:38:146:71:146:71:146:105":38,"s:147:6:147:Infinity":40,"b:149:4:149:Infinity:undefined:undefined:undefined:undefined":39,"s:149:4:149:Infinity":41,"s:149:36:149:Infinity":42,"b:150:4:150:Infinity:undefined:undefined:undefined:undefined":40,"s:150:4:150:Infinity":43,"s:150:33:150:Infinity":44,"b:151:4:151:Infinity:undefined:undefined:undefined:undefined":41,"s:151:4:151:Infinity":45,"s:151:33:151:Infinity":46,"s:152:4:152:Infinity":47,"b:154:2:154:Infinity:undefined:undefined:undefined:undefined":42,"s:154:2:154:Infinity":48,"s:154:32:154:Infinity":49,"b:155:2:158:Infinity:undefined:undefined:undefined:undefined":43,"s:155:2:158:Infinity":50,"b:156:4:156:Infinity:undefined:undefined:undefined:undefined":44,"s:156:4:156:Infinity":51,"b:156:8:156:38:156:38:156:67":45,"s:156:67:156:Infinity":52,"s:157:4:157:Infinity":53,"b:159:2:159:Infinity:undefined:undefined:undefined:undefined":46,"s:159:2:159:Infinity":54,"b:159:6:159:40:159:40:159:72":47,"s:159:72:159:Infinity":55,"b:160:2:163:Infinity:undefined:undefined:undefined:undefined":48,"s:160:2:163:Infinity":56,"b:160:6:160:37:160:37:160:64":49,"b:161:4:161:Infinity:undefined:undefined:undefined:undefined":50,"s:161:4:161:Infinity":57,"b:161:8:161:41:161:41:161:75":51,"s:161:75:161:Infinity":58,"s:162:4:162:Infinity":59,"b:164:2:167:Infinity:undefined:undefined:undefined:undefined":52,"s:164:2:167:Infinity":60,"b:164:6:164:35:164:35:164:66":53,"b:165:4:165:Infinity:undefined:undefined:undefined:undefined":54,"s:165:4:165:Infinity":61,"s:165:39:165:Infinity":62,"s:166:4:166:Infinity":63,"b:168:2:168:Infinity:undefined:undefined:undefined:undefined":55,"s:168:2:168:Infinity":64,"s:168:36:168:Infinity":65,"b:169:2:172:Infinity:undefined:undefined:undefined:undefined":56,"s:169:2:172:Infinity":66,"b:170:4:170:Infinity:undefined:undefined:undefined:undefined":57,"s:170:4:170:Infinity":67,"s:170:38:170:Infinity":68,"s:171:4:171:Infinity":69,"b:173:2:173:Infinity:undefined:undefined:undefined:undefined":58,"s:173:2:173:Infinity":70,"b:173:6:173:36:173:36:173:66":59,"s:173:66:173:Infinity":71,"b:174:2:174:Infinity:undefined:undefined:undefined:undefined":60,"s:174:2:174:Infinity":72,"b:174:6:174:41:174:41:174:68":61,"s:174:68:174:Infinity":73,"b:175:2:175:Infinity:undefined:undefined:undefined:undefined":62,"s:175:2:175:Infinity":74,"b:175:6:175:37:175:37:175:64":63,"s:175:64:175:Infinity":75,"b:176:2:176:Infinity:undefined:undefined:undefined:undefined":64,"s:176:2:176:Infinity":76,"b:176:6:176:39:176:39:176:69":65,"s:176:69:176:Infinity":77,"b:177:2:180:Infinity:undefined:undefined:undefined:undefined":66,"s:177:2:180:Infinity":78,"b:177:6:177:36:177:36:177:65":67,"b:178:4:178:Infinity:undefined:undefined:undefined:undefined":68,"s:178:4:178:Infinity":79,"s:178:36:178:Infinity":80,"s:179:4:179:Infinity":81,"b:181:2:184:Infinity:undefined:undefined:undefined:undefined":69,"s:181:2:184:Infinity":82,"b:182:4:182:Infinity:undefined:undefined:undefined:undefined":70,"s:182:4:182:Infinity":83,"s:182:37:182:Infinity":84,"s:183:4:183:Infinity":85,"b:185:2:189:Infinity:undefined:undefined:undefined:undefined":71,"s:185:2:189:Infinity":86,"b:186:4:186:Infinity:undefined:undefined:undefined:undefined":72,"s:186:4:186:Infinity":87,"s:186:44:186:Infinity":88,"b:187:4:187:Infinity:undefined:undefined:undefined:undefined":73,"s:187:4:187:Infinity":89,"s:187:39:187:Infinity":90,"s:188:4:188:Infinity":91,"b:190:2:195:Infinity:undefined:undefined:undefined:undefined":74,"s:190:2:195:Infinity":92,"b:191:4:191:Infinity:undefined:undefined:undefined:undefined":75,"s:191:4:191:Infinity":93,"s:191:40:191:Infinity":94,"b:192:4:192:Infinity:undefined:undefined:undefined:undefined":76,"s:192:4:192:Infinity":95,"s:192:36:192:Infinity":96,"b:193:4:193:Infinity:undefined:undefined:undefined:undefined":77,"s:193:4:193:Infinity":97,"s:193:38:193:Infinity":98,"s:194:4:194:Infinity":99,"s:197:2:197:Infinity":100},"fnNames":{}}}
}
